[debug] [2026-03-01T20:29:54.030Z] ----------------------------------------------------------------------
[debug] [2026-03-01T20:29:54.032Z] Command:       C:\Program Files\nodejs\node.exe C:\Users\Przemek\AppData\Roaming\npm\node_modules\firebase-tools\lib\bin\firebase.js deploy --only functions --debug
[debug] [2026-03-01T20:29:54.032Z] CLI Version:   15.8.0
[debug] [2026-03-01T20:29:54.032Z] Platform:      win32
[debug] [2026-03-01T20:29:54.032Z] Node Version:  v24.13.0
[debug] [2026-03-01T20:29:54.032Z] Time:          Sun Mar 01 2026 21:29:54 GMT+0100 (czas środkowoeuropejski standardowy)
[debug] [2026-03-01T20:29:54.032Z] ----------------------------------------------------------------------
[debug] 
[debug] [2026-03-01T20:29:54.864Z] > command requires scopes: ["email","openid","https://www.googleapis.com/auth/cloudplatformprojects.readonly","https://www.googleapis.com/auth/firebase","https://www.googleapis.com/auth/cloud-platform"]
[debug] [2026-03-01T20:29:54.865Z] > authorizing via signed-in user (przemeknito@gmail.com)
[debug] [2026-03-01T20:29:54.865Z] [iam] checking project taskassistant-e3687 for permissions ["cloudfunctions.functions.create","cloudfunctions.functions.delete","cloudfunctions.functions.get","cloudfunctions.functions.list","cloudfunctions.functions.update","cloudfunctions.operations.get","firebase.projects.get"]
[debug] [2026-03-01T20:29:54.866Z] Checked if tokens are valid: true, expires at: 1772399512547
[debug] [2026-03-01T20:29:54.866Z] Checked if tokens are valid: true, expires at: 1772399512547
[debug] [2026-03-01T20:29:54.866Z] >>> [apiv2][query] POST https://cloudresourcemanager.googleapis.com/v1/projects/taskassistant-e3687:testIamPermissions [none]
[debug] [2026-03-01T20:29:54.867Z] >>> [apiv2][(partial)header] POST https://cloudresourcemanager.googleapis.com/v1/projects/taskassistant-e3687:testIamPermissions  x-goog-user-project=taskassistant-e3687
[debug] [2026-03-01T20:29:54.867Z] >>> [apiv2][body] POST https://cloudresourcemanager.googleapis.com/v1/projects/taskassistant-e3687:testIamPermissions {"permissions":["cloudfunctions.functions.create","cloudfunctions.functions.delete","cloudfunctions.functions.get","cloudfunctions.functions.list","cloudfunctions.functions.update","cloudfunctions.operations.get","firebase.projects.get"]}
[debug] [2026-03-01T20:29:55.744Z] <<< [apiv2][status] POST https://cloudresourcemanager.googleapis.com/v1/projects/taskassistant-e3687:testIamPermissions 200
[debug] [2026-03-01T20:29:55.744Z] <<< [apiv2][body] POST https://cloudresourcemanager.googleapis.com/v1/projects/taskassistant-e3687:testIamPermissions {"permissions":["cloudfunctions.functions.create","cloudfunctions.functions.delete","cloudfunctions.functions.get","cloudfunctions.functions.list","cloudfunctions.functions.update","cloudfunctions.operations.get","firebase.projects.get"]}
[debug] [2026-03-01T20:29:55.744Z] Checked if tokens are valid: true, expires at: 1772399512547
[debug] [2026-03-01T20:29:55.745Z] Checked if tokens are valid: true, expires at: 1772399512547
[debug] [2026-03-01T20:29:55.745Z] >>> [apiv2][query] POST https://iam.googleapis.com/v1/projects/taskassistant-e3687/serviceAccounts/taskassistant-e3687@appspot.gserviceaccount.com:testIamPermissions [none]
[debug] [2026-03-01T20:29:55.745Z] >>> [apiv2][body] POST https://iam.googleapis.com/v1/projects/taskassistant-e3687/serviceAccounts/taskassistant-e3687@appspot.gserviceaccount.com:testIamPermissions {"permissions":["iam.serviceAccounts.actAs"]}
[debug] [2026-03-01T20:29:56.524Z] <<< [apiv2][status] POST https://iam.googleapis.com/v1/projects/taskassistant-e3687/serviceAccounts/taskassistant-e3687@appspot.gserviceaccount.com:testIamPermissions 200
[debug] [2026-03-01T20:29:56.524Z] <<< [apiv2][body] POST https://iam.googleapis.com/v1/projects/taskassistant-e3687/serviceAccounts/taskassistant-e3687@appspot.gserviceaccount.com:testIamPermissions {"permissions":["iam.serviceAccounts.actAs"]}
[info] 
[info] === Deploying to 'taskassistant-e3687'...
[info] 
[info] i  deploying functions 
[debug] [2026-03-01T20:29:56.526Z] Checked if tokens are valid: true, expires at: 1772399512547
[debug] [2026-03-01T20:29:56.526Z] Checked if tokens are valid: true, expires at: 1772399512547
[debug] [2026-03-01T20:29:56.526Z] >>> [apiv2][query] GET https://cloudresourcemanager.googleapis.com/v1/projects/taskassistant-e3687 [none]
[debug] [2026-03-01T20:29:56.716Z] <<< [apiv2][status] GET https://cloudresourcemanager.googleapis.com/v1/projects/taskassistant-e3687 200
[debug] [2026-03-01T20:29:56.716Z] <<< [apiv2][body] GET https://cloudresourcemanager.googleapis.com/v1/projects/taskassistant-e3687 {"projectNumber":"38293562338","projectId":"taskassistant-e3687","lifecycleState":"ACTIVE","name":"TaskAssistant","labels":{"firebase":"enabled","firebase-core":"disabled"},"createTime":"2025-11-13T09:21:08.883501Z"}
[info] i  functions: preparing codebase default for deployment 
[info] i  functions: ensuring required API cloudfunctions.googleapis.com is enabled... 
[info] i  functions: ensuring required API cloudbuild.googleapis.com is enabled... 
[info] i  artifactregistry: ensuring required API artifactregistry.googleapis.com is enabled... 
[debug] [2026-03-01T20:29:56.718Z] Checked if tokens are valid: true, expires at: 1772399512547
[debug] [2026-03-01T20:29:56.718Z] Checked if tokens are valid: true, expires at: 1772399512547
[debug] [2026-03-01T20:29:56.718Z] >>> [apiv2][query] GET https://firebase.googleapis.com/v1beta1/projects/taskassistant-e3687/adminSdkConfig [none]
[debug] [2026-03-01T20:29:57.342Z] <<< [apiv2][status] GET https://firebase.googleapis.com/v1beta1/projects/taskassistant-e3687/adminSdkConfig 200
[debug] [2026-03-01T20:29:57.342Z] <<< [apiv2][body] GET https://firebase.googleapis.com/v1beta1/projects/taskassistant-e3687/adminSdkConfig {"projectId":"taskassistant-e3687","storageBucket":"taskassistant-e3687.firebasestorage.app"}
[debug] [2026-03-01T20:29:57.343Z] Validating nodejs source
[warn] !  functions: Runtime Node.js 20 will be deprecated on 2026-04-30 and will be decommissioned on 2026-10-30, after which you will not be able to deploy without upgrading. Consider upgrading now to avoid disruption. See https://cloud.google.com/functions/docs/runtime-support for full details on the lifecycle policy 
[debug] [2026-03-01T20:29:57.846Z] > [functions] package.json contents: {
  "name": "functions",
  "description": "Cloud Functions for Firebase",
  "scripts": {
    "serve": "firebase emulators:start --only functions",
    "shell": "firebase functions:shell",
    "start": "npm run shell",
    "deploy": "firebase deploy --only functions",
    "logs": "firebase functions:log"
  },
  "engines": {
    "node": "20"
  },
  "main": "index.js",
  "dependencies": {
    "firebase-admin": "^13.6.0",
    "firebase-functions": "^7.0.0"
  },
  "devDependencies": {
    "firebase-functions-test": "^3.4.1"
  },
  "private": true
}
[debug] [2026-03-01T20:29:57.847Z] Building nodejs source
[info] i  functions: Loading and analyzing source code for codebase default to determine what to deploy 
[debug] [2026-03-01T20:29:57.848Z] Could not find functions.yaml. Must use http discovery
[debug] [2026-03-01T20:29:57.855Z] Found firebase-functions binary at 'C:\Users\Przemek\AndroidStudioProjects\TaskAssistant\functions\node_modules\.bin\firebase-functions'
[info] Serving at port 8579

[debug] [2026-03-01T20:29:58.189Z] Got response from /__/functions.yaml {"endpoints":{"notifyChildOnNewTask":{"platform":"gcfv1","availableMemoryMb":null,"timeoutSeconds":null,"minInstances":null,"maxInstances":null,"ingressSettings":null,"serviceAccountEmail":null,"vpc":null,"eventTrigger":{"eventType":"providers/cloud.firestore/eventTypes/document.create","eventFilters":{"resource":"projects/taskassistant-e3687/databases/(default)/documents/tasks/{taskId}"},"retry":false},"labels":{},"entryPoint":"notifyChildOnNewTask"},"notifyParentOnReward":{"platform":"gcfv1","availableMemoryMb":null,"timeoutSeconds":null,"minInstances":null,"maxInstances":null,"ingressSettings":null,"serviceAccountEmail":null,"vpc":null,"eventTrigger":{"eventType":"providers/cloud.firestore/eventTypes/document.create","eventFilters":{"resource":"projects/taskassistant-e3687/databases/(default)/documents/redemptions/{redemptionId}"},"retry":false},"labels":{},"entryPoint":"notifyParentOnReward"}},"specVersion":"v1alpha1","requiredAPIs":[],"extensions":{}}
[info] i  extensions: ensuring required API firebaseextensions.googleapis.com is enabled... 
[debug] [2026-03-01T20:30:02.215Z] > command requires scopes: ["email","openid","https://www.googleapis.com/auth/cloudplatformprojects.readonly","https://www.googleapis.com/auth/firebase","https://www.googleapis.com/auth/cloud-platform"]
[debug] [2026-03-01T20:30:02.215Z] > authorizing via signed-in user (przemeknito@gmail.com)
[debug] [2026-03-01T20:30:02.215Z] [iam] checking project taskassistant-e3687 for permissions ["firebase.projects.get","firebaseextensions.instances.list"]
[debug] [2026-03-01T20:30:02.215Z] Checked if tokens are valid: true, expires at: 1772399512547
[debug] [2026-03-01T20:30:02.215Z] Checked if tokens are valid: true, expires at: 1772399512547
[debug] [2026-03-01T20:30:02.215Z] >>> [apiv2][query] POST https://cloudresourcemanager.googleapis.com/v1/projects/taskassistant-e3687:testIamPermissions [none]
[debug] [2026-03-01T20:30:02.215Z] >>> [apiv2][(partial)header] POST https://cloudresourcemanager.googleapis.com/v1/projects/taskassistant-e3687:testIamPermissions  x-goog-user-project=taskassistant-e3687
[debug] [2026-03-01T20:30:02.215Z] >>> [apiv2][body] POST https://cloudresourcemanager.googleapis.com/v1/projects/taskassistant-e3687:testIamPermissions {"permissions":["firebase.projects.get","firebaseextensions.instances.list"]}
[debug] [2026-03-01T20:30:02.983Z] <<< [apiv2][status] POST https://cloudresourcemanager.googleapis.com/v1/projects/taskassistant-e3687:testIamPermissions 200
[debug] [2026-03-01T20:30:02.983Z] <<< [apiv2][body] POST https://cloudresourcemanager.googleapis.com/v1/projects/taskassistant-e3687:testIamPermissions {"permissions":["firebase.projects.get","firebaseextensions.instances.list"]}
[debug] [2026-03-01T20:30:02.983Z] Checked if tokens are valid: true, expires at: 1772399512547
[debug] [2026-03-01T20:30:02.984Z] Checked if tokens are valid: true, expires at: 1772399512547
[debug] [2026-03-01T20:30:02.984Z] >>> [apiv2][query] GET https://firebaseextensions.googleapis.com/v1beta/projects/taskassistant-e3687/instances pageSize=100&pageToken=
[debug] [2026-03-01T20:30:03.855Z] <<< [apiv2][status] GET https://firebaseextensions.googleapis.com/v1beta/projects/taskassistant-e3687/instances 200
[debug] [2026-03-01T20:30:03.855Z] <<< [apiv2][body] GET https://firebaseextensions.googleapis.com/v1beta/projects/taskassistant-e3687/instances {}
[info] i  functions: preparing functions directory for uploading... 
[info] i  functions: packaged C:\Users\Przemek\AndroidStudioProjects\TaskAssistant\functions (70.54 KB) for uploading 
[debug] [2026-03-01T20:30:03.882Z] Checked if tokens are valid: true, expires at: 1772399512547
[debug] [2026-03-01T20:30:03.882Z] Checked if tokens are valid: true, expires at: 1772399512547
[debug] [2026-03-01T20:30:03.882Z] >>> [apiv2][query] GET https://cloudfunctions.googleapis.com/v1/projects/taskassistant-e3687/locations/-/functions [none]
[debug] [2026-03-01T20:30:04.547Z] <<< [apiv2][status] GET https://cloudfunctions.googleapis.com/v1/projects/taskassistant-e3687/locations/-/functions 200
[debug] [2026-03-01T20:30:04.547Z] <<< [apiv2][body] GET https://cloudfunctions.googleapis.com/v1/projects/taskassistant-e3687/locations/-/functions {}
[debug] [2026-03-01T20:30:04.548Z] Checked if tokens are valid: true, expires at: 1772399512547
[debug] [2026-03-01T20:30:04.548Z] Checked if tokens are valid: true, expires at: 1772399512547
[debug] [2026-03-01T20:30:04.548Z] >>> [apiv2][query] GET https://cloudfunctions.googleapis.com/v2/projects/taskassistant-e3687/locations/-/functions filter=environment%3D%22GEN_2%22
[debug] [2026-03-01T20:30:05.580Z] <<< [apiv2][status] GET https://cloudfunctions.googleapis.com/v2/projects/taskassistant-e3687/locations/-/functions 200
[debug] [2026-03-01T20:30:05.580Z] <<< [apiv2][body] GET https://cloudfunctions.googleapis.com/v2/projects/taskassistant-e3687/locations/-/functions {}
[debug] [2026-03-01T20:30:05.583Z] Checked if tokens are valid: true, expires at: 1772399512547
[debug] [2026-03-01T20:30:05.583Z] Checked if tokens are valid: true, expires at: 1772399512547
[debug] [2026-03-01T20:30:05.583Z] >>> [apiv2][query] GET https://cloudresourcemanager.googleapis.com/v1/projects/taskassistant-e3687 [none]
[debug] [2026-03-01T20:30:05.802Z] <<< [apiv2][status] GET https://cloudresourcemanager.googleapis.com/v1/projects/taskassistant-e3687 200
[debug] [2026-03-01T20:30:05.802Z] <<< [apiv2][body] GET https://cloudresourcemanager.googleapis.com/v1/projects/taskassistant-e3687 {"projectNumber":"38293562338","projectId":"taskassistant-e3687","lifecycleState":"ACTIVE","name":"TaskAssistant","labels":{"firebase":"enabled","firebase-core":"disabled"},"createTime":"2025-11-13T09:21:08.883501Z"}
[debug] [2026-03-01T20:30:05.803Z] Checked if tokens are valid: true, expires at: 1772399512547
[debug] [2026-03-01T20:30:05.803Z] Checked if tokens are valid: true, expires at: 1772399512547
[debug] [2026-03-01T20:30:05.803Z] >>> [apiv2][query] GET https://cloudbilling.googleapis.com/v1/projects/taskassistant-e3687/billingInfo [none]
[debug] [2026-03-01T20:30:06.583Z] <<< [apiv2][status] GET https://cloudbilling.googleapis.com/v1/projects/taskassistant-e3687/billingInfo 200
[debug] [2026-03-01T20:30:06.583Z] <<< [apiv2][body] GET https://cloudbilling.googleapis.com/v1/projects/taskassistant-e3687/billingInfo {"name":"projects/taskassistant-e3687/billingInfo","projectId":"taskassistant-e3687","billingAccountName":"billingAccounts/012B1F-B1B868-20B665","billingEnabled":true}
[debug] [2026-03-01T20:30:06.584Z] Checked if tokens are valid: true, expires at: 1772399512547
[debug] [2026-03-01T20:30:06.584Z] Checked if tokens are valid: true, expires at: 1772399512547
[debug] [2026-03-01T20:30:06.585Z] >>> [apiv2][query] POST https://cloudfunctions.googleapis.com/v1/projects/taskassistant-e3687/locations/us-central1/functions:generateUploadUrl [none]
[debug] [2026-03-01T20:30:06.585Z] >>> [apiv2][body] POST https://cloudfunctions.googleapis.com/v1/projects/taskassistant-e3687/locations/us-central1/functions:generateUploadUrl {}
[debug] [2026-03-01T20:30:07.212Z] <<< [apiv2][status] POST https://cloudfunctions.googleapis.com/v1/projects/taskassistant-e3687/locations/us-central1/functions:generateUploadUrl 200
[debug] [2026-03-01T20:30:07.212Z] <<< [apiv2][body] POST https://cloudfunctions.googleapis.com/v1/projects/taskassistant-e3687/locations/us-central1/functions:generateUploadUrl {"uploadUrl":"https://storage.googleapis.com/uploads-617578874282.us-central1.cloudfunctions.appspot.com/48bc388b-cb08-466a-b6f5-4f0d079befd3.zip?GoogleAccessId=service-38293562338@gcf-admin-robot.iam.gserviceaccount.com&Expires=1772398805&Signature=FIViNWuFvQE%2BbK5SH0mNdiMcZseNMCMB7FHfmZbVjrZIOfdGE88e09LlPqkAia7iXN%2B97eMLgw8W8cP2Noa1rIv7fFFqsO68STRt%2BhiQLx7OFIATle9sXsmOz4u1%2F3rJJNu8uq0a2S7SqHnbeJS3JmOznUhAPewPC9NI6JDWieEmL%2F9SURKVNQoLMNIij2uQZM6cb1EIvNDjj7GfdJW9l5A2B2bn6%2B%2Fwhn4DYNKGxhfkhzgIKuOKLENcE99v%2B24qkE1qWYb42S5YoMLcaLnD6BL%2BCE4h5u48WhKcrzKdPM4ukR8zzC2iUDwUgCG%2BAga6cCSxLEMGQkR166YWok%2BJ3w%3D%3D"}
[debug] [2026-03-01T20:30:07.213Z] >>> [apiv2][query] PUT https://storage.googleapis.com/uploads-617578874282.us-central1.cloudfunctions.appspot.com/48bc388b-cb08-466a-b6f5-4f0d079befd3.zip GoogleAccessId=service-38293562338%40gcf-admin-robot.iam.gserviceaccount.com&Expires=1772398805&Signature=FIViNWuFvQE%2BbK5SH0mNdiMcZseNMCMB7FHfmZbVjrZIOfdGE88e09LlPqkAia7iXN%2B97eMLgw8W8cP2Noa1rIv7fFFqsO68STRt%2BhiQLx7OFIATle9sXsmOz4u1%2F3rJJNu8uq0a2S7SqHnbeJS3JmOznUhAPewPC9NI6JDWieEmL%2F9SURKVNQoLMNIij2uQZM6cb1EIvNDjj7GfdJW9l5A2B2bn6%2B%2Fwhn4DYNKGxhfkhzgIKuOKLENcE99v%2B24qkE1qWYb42S5YoMLcaLnD6BL%2BCE4h5u48WhKcrzKdPM4ukR8zzC2iUDwUgCG%2BAga6cCSxLEMGQkR166YWok%2BJ3w%3D%3D
[debug] [2026-03-01T20:30:07.213Z] >>> [apiv2][body] PUT https://storage.googleapis.com/uploads-617578874282.us-central1.cloudfunctions.appspot.com/48bc388b-cb08-466a-b6f5-4f0d079befd3.zip [stream]
[debug] [2026-03-01T20:30:07.691Z] <<< [apiv2][status] PUT https://storage.googleapis.com/uploads-617578874282.us-central1.cloudfunctions.appspot.com/48bc388b-cb08-466a-b6f5-4f0d079befd3.zip 200
[debug] [2026-03-01T20:30:07.692Z] <<< [apiv2][body] PUT https://storage.googleapis.com/uploads-617578874282.us-central1.cloudfunctions.appspot.com/48bc388b-cb08-466a-b6f5-4f0d079befd3.zip [omitted]
[info] +  functions: functions source uploaded successfully 
[info] i  functions: creating Node.js 20 (1st Gen) function notifyChildOnNewTask(us-central1)... 
[info] i  functions: creating Node.js 20 (1st Gen) function notifyParentOnReward(us-central1)... 
[debug] [2026-03-01T20:30:07.694Z] Checked if tokens are valid: true, expires at: 1772399512547
[debug] [2026-03-01T20:30:07.694Z] Checked if tokens are valid: true, expires at: 1772399512547
[debug] [2026-03-01T20:30:07.695Z] >>> [apiv2][query] POST https://cloudfunctions.googleapis.com/v1/projects/taskassistant-e3687/locations/us-central1/functions [none]
[debug] [2026-03-01T20:30:07.695Z] >>> [apiv2][body] POST https://cloudfunctions.googleapis.com/v1/projects/taskassistant-e3687/locations/us-central1/functions {"name":"projects/taskassistant-e3687/locations/us-central1/functions/notifyChildOnNewTask","sourceUploadUrl":"https://storage.googleapis.com/uploads-617578874282.us-central1.cloudfunctions.appspot.com/48bc388b-cb08-466a-b6f5-4f0d079befd3.zip?GoogleAccessId=service-38293562338@gcf-admin-robot.iam.gserviceaccount.com&Expires=1772398805&Signature=FIViNWuFvQE%2BbK5SH0mNdiMcZseNMCMB7FHfmZbVjrZIOfdGE88e09LlPqkAia7iXN%2B97eMLgw8W8cP2Noa1rIv7fFFqsO68STRt%2BhiQLx7OFIATle9sXsmOz4u1%2F3rJJNu8uq0a2S7SqHnbeJS3JmOznUhAPewPC9NI6JDWieEmL%2F9SURKVNQoLMNIij2uQZM6cb1EIvNDjj7GfdJW9l5A2B2bn6%2B%2Fwhn4DYNKGxhfkhzgIKuOKLENcE99v%2B24qkE1qWYb42S5YoMLcaLnD6BL%2BCE4h5u48WhKcrzKdPM4ukR8zzC2iUDwUgCG%2BAga6cCSxLEMGQkR166YWok%2BJ3w%3D%3D","entryPoint":"notifyChildOnNewTask","runtime":"nodejs20","dockerRegistry":"ARTIFACT_REGISTRY","labels":{"deployment-tool":"cli-firebase","firebase-functions-hash":"856a27ccdf58370712b9520b86a1a7bff69cfff9"},"eventTrigger":{"eventType":"providers/cloud.firestore/eventTypes/document.create","resource":"projects/taskassistant-e3687/databases/(default)/documents/tasks/{taskId}"},"minInstances":null,"maxInstances":null,"ingressSettings":null,"environmentVariables":{"FIREBASE_CONFIG":"{\"projectId\":\"taskassistant-e3687\",\"storageBucket\":\"taskassistant-e3687.firebasestorage.app\"}","GCLOUD_PROJECT":"taskassistant-e3687","EVENTARC_CLOUD_EVENT_SOURCE":"projects/taskassistant-e3687/locations/us-central1/functions/notifyChildOnNewTask"},"serviceAccountEmail":null,"availableMemoryMb":null,"timeout":null,"vpcConnector":null,"vpcConnectorEgressSettings":null,"buildEnvironmentVariables":{"GOOGLE_NODE_RUN_SCRIPTS":""}}
[debug] [2026-03-01T20:30:08.531Z] <<< [apiv2][status] POST https://cloudfunctions.googleapis.com/v1/projects/taskassistant-e3687/locations/us-central1/functions 200
[debug] [2026-03-01T20:30:08.531Z] <<< [apiv2][body] POST https://cloudfunctions.googleapis.com/v1/projects/taskassistant-e3687/locations/us-central1/functions {"name":"operations/cHJvamVjdHMvdGFza2Fzc2lzdGFudC1lMzY4Ny9sb2NhdGlvbnMvdXMtY2VudHJhbDEvb3BlcmF0aW9ucy9vcGVyYXRpb24tMTc3MjM5NzAwNjExNC02NGJmYzU1ZjM0ZGVkLTFlZDdmN2IwLTFkYjBiM2Vm","metadata":{"@type":"type.googleapis.com/google.cloud.functions.v1.OperationMetadataV1","target":"projects/taskassistant-e3687/locations/us-central1/functions/notifyChildOnNewTask","updateTime":"2026-03-01T20:30:06.664090838Z"}}
[debug] [2026-03-01T20:30:08.532Z] Checked if tokens are valid: true, expires at: 1772399512547
[debug] [2026-03-01T20:30:08.532Z] Checked if tokens are valid: true, expires at: 1772399512547
[debug] [2026-03-01T20:30:08.532Z] >>> [apiv2][query] GET https://cloudfunctions.googleapis.com/v1/operations/cHJvamVjdHMvdGFza2Fzc2lzdGFudC1lMzY4Ny9sb2NhdGlvbnMvdXMtY2VudHJhbDEvb3BlcmF0aW9ucy9vcGVyYXRpb24tMTc3MjM5NzAwNjExNC02NGJmYzU1ZjM0ZGVkLTFlZDdmN2IwLTFkYjBiM2Vm [none]
[debug] [2026-03-01T20:30:08.792Z] <<< [apiv2][status] GET https://cloudfunctions.googleapis.com/v1/operations/cHJvamVjdHMvdGFza2Fzc2lzdGFudC1lMzY4Ny9sb2NhdGlvbnMvdXMtY2VudHJhbDEvb3BlcmF0aW9ucy9vcGVyYXRpb24tMTc3MjM5NzAwNjExNC02NGJmYzU1ZjM0ZGVkLTFlZDdmN2IwLTFkYjBiM2Vm 200
[debug] [2026-03-01T20:30:08.793Z] <<< [apiv2][body] GET https://cloudfunctions.googleapis.com/v1/operations/cHJvamVjdHMvdGFza2Fzc2lzdGFudC1lMzY4Ny9sb2NhdGlvbnMvdXMtY2VudHJhbDEvb3BlcmF0aW9ucy9vcGVyYXRpb24tMTc3MjM5NzAwNjExNC02NGJmYzU1ZjM0ZGVkLTFlZDdmN2IwLTFkYjBiM2Vm {"name":"operations/cHJvamVjdHMvdGFza2Fzc2lzdGFudC1lMzY4Ny9sb2NhdGlvbnMvdXMtY2VudHJhbDEvb3BlcmF0aW9ucy9vcGVyYXRpb24tMTc3MjM5NzAwNjExNC02NGJmYzU1ZjM0ZGVkLTFlZDdmN2IwLTFkYjBiM2Vm","metadata":{"@type":"type.googleapis.com/google.cloud.functions.v1.OperationMetadataV1","target":"projects/taskassistant-e3687/locations/us-central1/functions/notifyChildOnNewTask","updateTime":"2026-03-01T20:30:06.664090838Z"}}
[debug] [2026-03-01T20:30:09.303Z] [create-default-us-central1-notifyChildOnNewTask] Retrying task index 0
[debug] [2026-03-01T20:30:09.304Z] Checked if tokens are valid: true, expires at: 1772399512547
[debug] [2026-03-01T20:30:09.304Z] Checked if tokens are valid: true, expires at: 1772399512547
[debug] [2026-03-01T20:30:09.304Z] >>> [apiv2][query] GET https://cloudfunctions.googleapis.com/v1/operations/cHJvamVjdHMvdGFza2Fzc2lzdGFudC1lMzY4Ny9sb2NhdGlvbnMvdXMtY2VudHJhbDEvb3BlcmF0aW9ucy9vcGVyYXRpb24tMTc3MjM5NzAwNjExNC02NGJmYzU1ZjM0ZGVkLTFlZDdmN2IwLTFkYjBiM2Vm [none]
[debug] [2026-03-01T20:30:09.570Z] <<< [apiv2][status] GET https://cloudfunctions.googleapis.com/v1/operations/cHJvamVjdHMvdGFza2Fzc2lzdGFudC1lMzY4Ny9sb2NhdGlvbnMvdXMtY2VudHJhbDEvb3BlcmF0aW9ucy9vcGVyYXRpb24tMTc3MjM5NzAwNjExNC02NGJmYzU1ZjM0ZGVkLTFlZDdmN2IwLTFkYjBiM2Vm 200
[debug] [2026-03-01T20:30:09.570Z] <<< [apiv2][body] GET https://cloudfunctions.googleapis.com/v1/operations/cHJvamVjdHMvdGFza2Fzc2lzdGFudC1lMzY4Ny9sb2NhdGlvbnMvdXMtY2VudHJhbDEvb3BlcmF0aW9ucy9vcGVyYXRpb24tMTc3MjM5NzAwNjExNC02NGJmYzU1ZjM0ZGVkLTFlZDdmN2IwLTFkYjBiM2Vm {"name":"operations/cHJvamVjdHMvdGFza2Fzc2lzdGFudC1lMzY4Ny9sb2NhdGlvbnMvdXMtY2VudHJhbDEvb3BlcmF0aW9ucy9vcGVyYXRpb24tMTc3MjM5NzAwNjExNC02NGJmYzU1ZjM0ZGVkLTFlZDdmN2IwLTFkYjBiM2Vm","metadata":{"@type":"type.googleapis.com/google.cloud.functions.v1.OperationMetadataV1","target":"projects/taskassistant-e3687/locations/us-central1/functions/notifyChildOnNewTask","type":"CREATE_FUNCTION","request":{"@type":"type.googleapis.com/google.cloud.functions.v1.CloudFunction","name":"projects/taskassistant-e3687/locations/us-central1/functions/notifyChildOnNewTask","eventTrigger":{"eventType":"providers/cloud.firestore/eventTypes/document.create","resource":"projects/taskassistant-e3687/databases/(default)/documents/tasks/{taskId}","failurePolicy":{}},"entryPoint":"notifyChildOnNewTask","updateTime":"1970-01-01T00:00:00Z","labels":{"deployment-tool":"cli-firebase","firebase-functions-hash":"856a27ccdf58370712b9520b86a1a7bff69cfff9"},"sourceUploadUrl":"https://storage.googleapis.com/uploads-617578874282.us-central1.cloudfunctions.appspot.com/48bc388b-cb08-466a-b6f5-4f0d079befd3.zip?GoogleAccessId=service-38293562338@gcf-admin-robot.iam.gserviceaccount.com&Expires=1772398805&Signature=FIViNWuFvQE%2BbK5SH0mNdiMcZseNMCMB7FHfmZbVjrZIOfdGE88e09LlPqkAia7iXN%2B97eMLgw8W8cP2Noa1rIv7fFFqsO68STRt%2BhiQLx7OFIATle9sXsmOz4u1%2F3rJJNu8uq0a2S7SqHnbeJS3JmOznUhAPewPC9NI6JDWieEmL%2F9SURKVNQoLMNIij2uQZM6cb1EIvNDjj7GfdJW9l5A2B2bn6%2B%2Fwhn4DYNKGxhfkhzgIKuOKLENcE99v%2B24qkE1qWYb42S5YoMLcaLnD6BL%2BCE4h5u48WhKcrzKdPM4ukR8zzC2iUDwUgCG%2BAga6cCSxLEMGQkR166YWok%2BJ3w%3D%3D","environmentVariables":{"FIREBASE_CONFIG":"{\"projectId\":\"taskassistant-e3687\",\"storageBucket\":\"taskassistant-e3687.firebasestorage.app\"}","GCLOUD_PROJECT":"taskassistant-e3687","EVENTARC_CLOUD_EVENT_SOURCE":"projects/taskassistant-e3687/locations/us-central1/functions/notifyChildOnNewTask"},"runtime":"nodejs20","buildEnvironmentVariables":{"GOOGLE_NODE_RUN_SCRIPTS":""},"dockerRegistry":"ARTIFACT_REGISTRY"},"versionId":"1","updateTime":"2026-03-01T20:30:06.664090838Z"}}
[debug] [2026-03-01T20:30:10.577Z] [create-default-us-central1-notifyChildOnNewTask] Retrying task index 0
[debug] [2026-03-01T20:30:10.577Z] Checked if tokens are valid: true, expires at: 1772399512547
[debug] [2026-03-01T20:30:10.577Z] Checked if tokens are valid: true, expires at: 1772399512547
[debug] [2026-03-01T20:30:10.578Z] >>> [apiv2][query] GET https://cloudfunctions.googleapis.com/v1/operations/cHJvamVjdHMvdGFza2Fzc2lzdGFudC1lMzY4Ny9sb2NhdGlvbnMvdXMtY2VudHJhbDEvb3BlcmF0aW9ucy9vcGVyYXRpb24tMTc3MjM5NzAwNjExNC02NGJmYzU1ZjM0ZGVkLTFlZDdmN2IwLTFkYjBiM2Vm [none]
[debug] [2026-03-01T20:30:10.804Z] <<< [apiv2][status] GET https://cloudfunctions.googleapis.com/v1/operations/cHJvamVjdHMvdGFza2Fzc2lzdGFudC1lMzY4Ny9sb2NhdGlvbnMvdXMtY2VudHJhbDEvb3BlcmF0aW9ucy9vcGVyYXRpb24tMTc3MjM5NzAwNjExNC02NGJmYzU1ZjM0ZGVkLTFlZDdmN2IwLTFkYjBiM2Vm 200
[debug] [2026-03-01T20:30:10.804Z] <<< [apiv2][body] GET https://cloudfunctions.googleapis.com/v1/operations/cHJvamVjdHMvdGFza2Fzc2lzdGFudC1lMzY4Ny9sb2NhdGlvbnMvdXMtY2VudHJhbDEvb3BlcmF0aW9ucy9vcGVyYXRpb24tMTc3MjM5NzAwNjExNC02NGJmYzU1ZjM0ZGVkLTFlZDdmN2IwLTFkYjBiM2Vm {"name":"operations/cHJvamVjdHMvdGFza2Fzc2lzdGFudC1lMzY4Ny9sb2NhdGlvbnMvdXMtY2VudHJhbDEvb3BlcmF0aW9ucy9vcGVyYXRpb24tMTc3MjM5NzAwNjExNC02NGJmYzU1ZjM0ZGVkLTFlZDdmN2IwLTFkYjBiM2Vm","metadata":{"@type":"type.googleapis.com/google.cloud.functions.v1.OperationMetadataV1","target":"projects/taskassistant-e3687/locations/us-central1/functions/notifyChildOnNewTask","type":"CREATE_FUNCTION","request":{"@type":"type.googleapis.com/google.cloud.functions.v1.CloudFunction","name":"projects/taskassistant-e3687/locations/us-central1/functions/notifyChildOnNewTask","eventTrigger":{"eventType":"providers/cloud.firestore/eventTypes/document.create","resource":"projects/taskassistant-e3687/databases/(default)/documents/tasks/{taskId}","failurePolicy":{}},"entryPoint":"notifyChildOnNewTask","updateTime":"1970-01-01T00:00:00Z","labels":{"deployment-tool":"cli-firebase","firebase-functions-hash":"856a27ccdf58370712b9520b86a1a7bff69cfff9"},"sourceUploadUrl":"https://storage.googleapis.com/uploads-617578874282.us-central1.cloudfunctions.appspot.com/48bc388b-cb08-466a-b6f5-4f0d079befd3.zip?GoogleAccessId=service-38293562338@gcf-admin-robot.iam.gserviceaccount.com&Expires=1772398805&Signature=FIViNWuFvQE%2BbK5SH0mNdiMcZseNMCMB7FHfmZbVjrZIOfdGE88e09LlPqkAia7iXN%2B97eMLgw8W8cP2Noa1rIv7fFFqsO68STRt%2BhiQLx7OFIATle9sXsmOz4u1%2F3rJJNu8uq0a2S7SqHnbeJS3JmOznUhAPewPC9NI6JDWieEmL%2F9SURKVNQoLMNIij2uQZM6cb1EIvNDjj7GfdJW9l5A2B2bn6%2B%2Fwhn4DYNKGxhfkhzgIKuOKLENcE99v%2B24qkE1qWYb42S5YoMLcaLnD6BL%2BCE4h5u48WhKcrzKdPM4ukR8zzC2iUDwUgCG%2BAga6cCSxLEMGQkR166YWok%2BJ3w%3D%3D","environmentVariables":{"FIREBASE_CONFIG":"{\"projectId\":\"taskassistant-e3687\",\"storageBucket\":\"taskassistant-e3687.firebasestorage.app\"}","GCLOUD_PROJECT":"taskassistant-e3687","EVENTARC_CLOUD_EVENT_SOURCE":"projects/taskassistant-e3687/locations/us-central1/functions/notifyChildOnNewTask"},"runtime":"nodejs20","buildEnvironmentVariables":{"GOOGLE_NODE_RUN_SCRIPTS":""},"dockerRegistry":"ARTIFACT_REGISTRY"},"versionId":"1","updateTime":"2026-03-01T20:30:06.664090838Z"}}
[debug] [2026-03-01T20:30:12.807Z] [create-default-us-central1-notifyChildOnNewTask] Retrying task index 0
[debug] [2026-03-01T20:30:12.808Z] Checked if tokens are valid: true, expires at: 1772399512547
[debug] [2026-03-01T20:30:12.808Z] Checked if tokens are valid: true, expires at: 1772399512547
[debug] [2026-03-01T20:30:12.808Z] >>> [apiv2][query] GET https://cloudfunctions.googleapis.com/v1/operations/cHJvamVjdHMvdGFza2Fzc2lzdGFudC1lMzY4Ny9sb2NhdGlvbnMvdXMtY2VudHJhbDEvb3BlcmF0aW9ucy9vcGVyYXRpb24tMTc3MjM5NzAwNjExNC02NGJmYzU1ZjM0ZGVkLTFlZDdmN2IwLTFkYjBiM2Vm [none]
[debug] [2026-03-01T20:30:13.070Z] <<< [apiv2][status] GET https://cloudfunctions.googleapis.com/v1/operations/cHJvamVjdHMvdGFza2Fzc2lzdGFudC1lMzY4Ny9sb2NhdGlvbnMvdXMtY2VudHJhbDEvb3BlcmF0aW9ucy9vcGVyYXRpb24tMTc3MjM5NzAwNjExNC02NGJmYzU1ZjM0ZGVkLTFlZDdmN2IwLTFkYjBiM2Vm 200
[debug] [2026-03-01T20:30:13.070Z] <<< [apiv2][body] GET https://cloudfunctions.googleapis.com/v1/operations/cHJvamVjdHMvdGFza2Fzc2lzdGFudC1lMzY4Ny9sb2NhdGlvbnMvdXMtY2VudHJhbDEvb3BlcmF0aW9ucy9vcGVyYXRpb24tMTc3MjM5NzAwNjExNC02NGJmYzU1ZjM0ZGVkLTFlZDdmN2IwLTFkYjBiM2Vm {"name":"operations/cHJvamVjdHMvdGFza2Fzc2lzdGFudC1lMzY4Ny9sb2NhdGlvbnMvdXMtY2VudHJhbDEvb3BlcmF0aW9ucy9vcGVyYXRpb24tMTc3MjM5NzAwNjExNC02NGJmYzU1ZjM0ZGVkLTFlZDdmN2IwLTFkYjBiM2Vm","metadata":{"@type":"type.googleapis.com/google.cloud.functions.v1.OperationMetadataV1","target":"projects/taskassistant-e3687/locations/us-central1/functions/notifyChildOnNewTask","type":"CREATE_FUNCTION","request":{"@type":"type.googleapis.com/google.cloud.functions.v1.CloudFunction","name":"projects/taskassistant-e3687/locations/us-central1/functions/notifyChildOnNewTask","eventTrigger":{"eventType":"providers/cloud.firestore/eventTypes/document.create","resource":"projects/taskassistant-e3687/databases/(default)/documents/tasks/{taskId}","failurePolicy":{}},"entryPoint":"notifyChildOnNewTask","updateTime":"1970-01-01T00:00:00Z","labels":{"deployment-tool":"cli-firebase","firebase-functions-hash":"856a27ccdf58370712b9520b86a1a7bff69cfff9"},"sourceUploadUrl":"https://storage.googleapis.com/uploads-617578874282.us-central1.cloudfunctions.appspot.com/48bc388b-cb08-466a-b6f5-4f0d079befd3.zip?GoogleAccessId=service-38293562338@gcf-admin-robot.iam.gserviceaccount.com&Expires=1772398805&Signature=FIViNWuFvQE%2BbK5SH0mNdiMcZseNMCMB7FHfmZbVjrZIOfdGE88e09LlPqkAia7iXN%2B97eMLgw8W8cP2Noa1rIv7fFFqsO68STRt%2BhiQLx7OFIATle9sXsmOz4u1%2F3rJJNu8uq0a2S7SqHnbeJS3JmOznUhAPewPC9NI6JDWieEmL%2F9SURKVNQoLMNIij2uQZM6cb1EIvNDjj7GfdJW9l5A2B2bn6%2B%2Fwhn4DYNKGxhfkhzgIKuOKLENcE99v%2B24qkE1qWYb42S5YoMLcaLnD6BL%2BCE4h5u48WhKcrzKdPM4ukR8zzC2iUDwUgCG%2BAga6cCSxLEMGQkR166YWok%2BJ3w%3D%3D","environmentVariables":{"FIREBASE_CONFIG":"{\"projectId\":\"taskassistant-e3687\",\"storageBucket\":\"taskassistant-e3687.firebasestorage.app\"}","GCLOUD_PROJECT":"taskassistant-e3687","EVENTARC_CLOUD_EVENT_SOURCE":"projects/taskassistant-e3687/locations/us-central1/functions/notifyChildOnNewTask"},"runtime":"nodejs20","buildEnvironmentVariables":{"GOOGLE_NODE_RUN_SCRIPTS":""},"dockerRegistry":"ARTIFACT_REGISTRY"},"versionId":"1","updateTime":"2026-03-01T20:30:06.664090838Z"}}
[debug] [2026-03-01T20:30:17.084Z] [create-default-us-central1-notifyChildOnNewTask] Retrying task index 0
[debug] [2026-03-01T20:30:17.085Z] Checked if tokens are valid: true, expires at: 1772399512547
[debug] [2026-03-01T20:30:17.085Z] Checked if tokens are valid: true, expires at: 1772399512547
[debug] [2026-03-01T20:30:17.085Z] >>> [apiv2][query] GET https://cloudfunctions.googleapis.com/v1/operations/cHJvamVjdHMvdGFza2Fzc2lzdGFudC1lMzY4Ny9sb2NhdGlvbnMvdXMtY2VudHJhbDEvb3BlcmF0aW9ucy9vcGVyYXRpb24tMTc3MjM5NzAwNjExNC02NGJmYzU1ZjM0ZGVkLTFlZDdmN2IwLTFkYjBiM2Vm [none]
[debug] [2026-03-01T20:30:17.319Z] <<< [apiv2][status] GET https://cloudfunctions.googleapis.com/v1/operations/cHJvamVjdHMvdGFza2Fzc2lzdGFudC1lMzY4Ny9sb2NhdGlvbnMvdXMtY2VudHJhbDEvb3BlcmF0aW9ucy9vcGVyYXRpb24tMTc3MjM5NzAwNjExNC02NGJmYzU1ZjM0ZGVkLTFlZDdmN2IwLTFkYjBiM2Vm 200
[debug] [2026-03-01T20:30:17.319Z] <<< [apiv2][body] GET https://cloudfunctions.googleapis.com/v1/operations/cHJvamVjdHMvdGFza2Fzc2lzdGFudC1lMzY4Ny9sb2NhdGlvbnMvdXMtY2VudHJhbDEvb3BlcmF0aW9ucy9vcGVyYXRpb24tMTc3MjM5NzAwNjExNC02NGJmYzU1ZjM0ZGVkLTFlZDdmN2IwLTFkYjBiM2Vm {"name":"operations/cHJvamVjdHMvdGFza2Fzc2lzdGFudC1lMzY4Ny9sb2NhdGlvbnMvdXMtY2VudHJhbDEvb3BlcmF0aW9ucy9vcGVyYXRpb24tMTc3MjM5NzAwNjExNC02NGJmYzU1ZjM0ZGVkLTFlZDdmN2IwLTFkYjBiM2Vm","metadata":{"@type":"type.googleapis.com/google.cloud.functions.v1.OperationMetadataV1","target":"projects/taskassistant-e3687/locations/us-central1/functions/notifyChildOnNewTask","type":"CREATE_FUNCTION","request":{"@type":"type.googleapis.com/google.cloud.functions.v1.CloudFunction","name":"projects/taskassistant-e3687/locations/us-central1/functions/notifyChildOnNewTask","eventTrigger":{"eventType":"providers/cloud.firestore/eventTypes/document.create","resource":"projects/taskassistant-e3687/databases/(default)/documents/tasks/{taskId}","failurePolicy":{}},"entryPoint":"notifyChildOnNewTask","updateTime":"1970-01-01T00:00:00Z","labels":{"deployment-tool":"cli-firebase","firebase-functions-hash":"856a27ccdf58370712b9520b86a1a7bff69cfff9"},"sourceUploadUrl":"https://storage.googleapis.com/uploads-617578874282.us-central1.cloudfunctions.appspot.com/48bc388b-cb08-466a-b6f5-4f0d079befd3.zip?GoogleAccessId=service-38293562338@gcf-admin-robot.iam.gserviceaccount.com&Expires=1772398805&Signature=FIViNWuFvQE%2BbK5SH0mNdiMcZseNMCMB7FHfmZbVjrZIOfdGE88e09LlPqkAia7iXN%2B97eMLgw8W8cP2Noa1rIv7fFFqsO68STRt%2BhiQLx7OFIATle9sXsmOz4u1%2F3rJJNu8uq0a2S7SqHnbeJS3JmOznUhAPewPC9NI6JDWieEmL%2F9SURKVNQoLMNIij2uQZM6cb1EIvNDjj7GfdJW9l5A2B2bn6%2B%2Fwhn4DYNKGxhfkhzgIKuOKLENcE99v%2B24qkE1qWYb42S5YoMLcaLnD6BL%2BCE4h5u48WhKcrzKdPM4ukR8zzC2iUDwUgCG%2BAga6cCSxLEMGQkR166YWok%2BJ3w%3D%3D","environmentVariables":{"FIREBASE_CONFIG":"{\"projectId\":\"taskassistant-e3687\",\"storageBucket\":\"taskassistant-e3687.firebasestorage.app\"}","GCLOUD_PROJECT":"taskassistant-e3687","EVENTARC_CLOUD_EVENT_SOURCE":"projects/taskassistant-e3687/locations/us-central1/functions/notifyChildOnNewTask"},"runtime":"nodejs20","buildEnvironmentVariables":{"GOOGLE_NODE_RUN_SCRIPTS":""},"dockerRegistry":"ARTIFACT_REGISTRY"},"versionId":"1","updateTime":"2026-03-01T20:30:06.664090838Z"}}
[debug] [2026-03-01T20:30:25.320Z] [create-default-us-central1-notifyChildOnNewTask] Retrying task index 0
[debug] [2026-03-01T20:30:25.321Z] Checked if tokens are valid: true, expires at: 1772399512547
[debug] [2026-03-01T20:30:25.321Z] Checked if tokens are valid: true, expires at: 1772399512547
[debug] [2026-03-01T20:30:25.321Z] >>> [apiv2][query] GET https://cloudfunctions.googleapis.com/v1/operations/cHJvamVjdHMvdGFza2Fzc2lzdGFudC1lMzY4Ny9sb2NhdGlvbnMvdXMtY2VudHJhbDEvb3BlcmF0aW9ucy9vcGVyYXRpb24tMTc3MjM5NzAwNjExNC02NGJmYzU1ZjM0ZGVkLTFlZDdmN2IwLTFkYjBiM2Vm [none]
[debug] [2026-03-01T20:30:25.610Z] <<< [apiv2][status] GET https://cloudfunctions.googleapis.com/v1/operations/cHJvamVjdHMvdGFza2Fzc2lzdGFudC1lMzY4Ny9sb2NhdGlvbnMvdXMtY2VudHJhbDEvb3BlcmF0aW9ucy9vcGVyYXRpb24tMTc3MjM5NzAwNjExNC02NGJmYzU1ZjM0ZGVkLTFlZDdmN2IwLTFkYjBiM2Vm 200
[debug] [2026-03-01T20:30:25.611Z] <<< [apiv2][body] GET https://cloudfunctions.googleapis.com/v1/operations/cHJvamVjdHMvdGFza2Fzc2lzdGFudC1lMzY4Ny9sb2NhdGlvbnMvdXMtY2VudHJhbDEvb3BlcmF0aW9ucy9vcGVyYXRpb24tMTc3MjM5NzAwNjExNC02NGJmYzU1ZjM0ZGVkLTFlZDdmN2IwLTFkYjBiM2Vm {"name":"operations/cHJvamVjdHMvdGFza2Fzc2lzdGFudC1lMzY4Ny9sb2NhdGlvbnMvdXMtY2VudHJhbDEvb3BlcmF0aW9ucy9vcGVyYXRpb24tMTc3MjM5NzAwNjExNC02NGJmYzU1ZjM0ZGVkLTFlZDdmN2IwLTFkYjBiM2Vm","metadata":{"@type":"type.googleapis.com/google.cloud.functions.v1.OperationMetadataV1","target":"projects/taskassistant-e3687/locations/us-central1/functions/notifyChildOnNewTask","type":"CREATE_FUNCTION","request":{"@type":"type.googleapis.com/google.cloud.functions.v1.CloudFunction","name":"projects/taskassistant-e3687/locations/us-central1/functions/notifyChildOnNewTask","eventTrigger":{"eventType":"providers/cloud.firestore/eventTypes/document.create","resource":"projects/taskassistant-e3687/databases/(default)/documents/tasks/{taskId}","failurePolicy":{}},"entryPoint":"notifyChildOnNewTask","updateTime":"1970-01-01T00:00:00Z","labels":{"deployment-tool":"cli-firebase","firebase-functions-hash":"856a27ccdf58370712b9520b86a1a7bff69cfff9"},"sourceUploadUrl":"https://storage.googleapis.com/uploads-617578874282.us-central1.cloudfunctions.appspot.com/48bc388b-cb08-466a-b6f5-4f0d079befd3.zip?GoogleAccessId=service-38293562338@gcf-admin-robot.iam.gserviceaccount.com&Expires=1772398805&Signature=FIViNWuFvQE%2BbK5SH0mNdiMcZseNMCMB7FHfmZbVjrZIOfdGE88e09LlPqkAia7iXN%2B97eMLgw8W8cP2Noa1rIv7fFFqsO68STRt%2BhiQLx7OFIATle9sXsmOz4u1%2F3rJJNu8uq0a2S7SqHnbeJS3JmOznUhAPewPC9NI6JDWieEmL%2F9SURKVNQoLMNIij2uQZM6cb1EIvNDjj7GfdJW9l5A2B2bn6%2B%2Fwhn4DYNKGxhfkhzgIKuOKLENcE99v%2B24qkE1qWYb42S5YoMLcaLnD6BL%2BCE4h5u48WhKcrzKdPM4ukR8zzC2iUDwUgCG%2BAga6cCSxLEMGQkR166YWok%2BJ3w%3D%3D","environmentVariables":{"FIREBASE_CONFIG":"{\"projectId\":\"taskassistant-e3687\",\"storageBucket\":\"taskassistant-e3687.firebasestorage.app\"}","GCLOUD_PROJECT":"taskassistant-e3687","EVENTARC_CLOUD_EVENT_SOURCE":"projects/taskassistant-e3687/locations/us-central1/functions/notifyChildOnNewTask"},"runtime":"nodejs20","buildEnvironmentVariables":{"GOOGLE_NODE_RUN_SCRIPTS":""},"dockerRegistry":"ARTIFACT_REGISTRY"},"versionId":"1","updateTime":"2026-03-01T20:30:06.664090838Z","buildId":"f5640225-39df-4db0-b48e-bc87e6d79b81","buildName":"projects/38293562338/locations/us-central1/builds/f5640225-39df-4db0-b48e-bc87e6d79b81"}}
[debug] [2026-03-01T20:30:35.614Z] [create-default-us-central1-notifyChildOnNewTask] Retrying task index 0
[debug] [2026-03-01T20:30:35.614Z] Checked if tokens are valid: true, expires at: 1772399512547
[debug] [2026-03-01T20:30:35.614Z] Checked if tokens are valid: true, expires at: 1772399512547
[debug] [2026-03-01T20:30:35.615Z] >>> [apiv2][query] GET https://cloudfunctions.googleapis.com/v1/operations/cHJvamVjdHMvdGFza2Fzc2lzdGFudC1lMzY4Ny9sb2NhdGlvbnMvdXMtY2VudHJhbDEvb3BlcmF0aW9ucy9vcGVyYXRpb24tMTc3MjM5NzAwNjExNC02NGJmYzU1ZjM0ZGVkLTFlZDdmN2IwLTFkYjBiM2Vm [none]
[debug] [2026-03-01T20:30:35.894Z] <<< [apiv2][status] GET https://cloudfunctions.googleapis.com/v1/operations/cHJvamVjdHMvdGFza2Fzc2lzdGFudC1lMzY4Ny9sb2NhdGlvbnMvdXMtY2VudHJhbDEvb3BlcmF0aW9ucy9vcGVyYXRpb24tMTc3MjM5NzAwNjExNC02NGJmYzU1ZjM0ZGVkLTFlZDdmN2IwLTFkYjBiM2Vm 200
[debug] [2026-03-01T20:30:35.894Z] <<< [apiv2][body] GET https://cloudfunctions.googleapis.com/v1/operations/cHJvamVjdHMvdGFza2Fzc2lzdGFudC1lMzY4Ny9sb2NhdGlvbnMvdXMtY2VudHJhbDEvb3BlcmF0aW9ucy9vcGVyYXRpb24tMTc3MjM5NzAwNjExNC02NGJmYzU1ZjM0ZGVkLTFlZDdmN2IwLTFkYjBiM2Vm {"name":"operations/cHJvamVjdHMvdGFza2Fzc2lzdGFudC1lMzY4Ny9sb2NhdGlvbnMvdXMtY2VudHJhbDEvb3BlcmF0aW9ucy9vcGVyYXRpb24tMTc3MjM5NzAwNjExNC02NGJmYzU1ZjM0ZGVkLTFlZDdmN2IwLTFkYjBiM2Vm","metadata":{"@type":"type.googleapis.com/google.cloud.functions.v1.OperationMetadataV1","target":"projects/taskassistant-e3687/locations/us-central1/functions/notifyChildOnNewTask","type":"CREATE_FUNCTION","request":{"@type":"type.googleapis.com/google.cloud.functions.v1.CloudFunction","name":"projects/taskassistant-e3687/locations/us-central1/functions/notifyChildOnNewTask","eventTrigger":{"eventType":"providers/cloud.firestore/eventTypes/document.create","resource":"projects/taskassistant-e3687/databases/(default)/documents/tasks/{taskId}","failurePolicy":{}},"entryPoint":"notifyChildOnNewTask","updateTime":"1970-01-01T00:00:00Z","labels":{"deployment-tool":"cli-firebase","firebase-functions-hash":"856a27ccdf58370712b9520b86a1a7bff69cfff9"},"sourceUploadUrl":"https://storage.googleapis.com/uploads-617578874282.us-central1.cloudfunctions.appspot.com/48bc388b-cb08-466a-b6f5-4f0d079befd3.zip?GoogleAccessId=service-38293562338@gcf-admin-robot.iam.gserviceaccount.com&Expires=1772398805&Signature=FIViNWuFvQE%2BbK5SH0mNdiMcZseNMCMB7FHfmZbVjrZIOfdGE88e09LlPqkAia7iXN%2B97eMLgw8W8cP2Noa1rIv7fFFqsO68STRt%2BhiQLx7OFIATle9sXsmOz4u1%2F3rJJNu8uq0a2S7SqHnbeJS3JmOznUhAPewPC9NI6JDWieEmL%2F9SURKVNQoLMNIij2uQZM6cb1EIvNDjj7GfdJW9l5A2B2bn6%2B%2Fwhn4DYNKGxhfkhzgIKuOKLENcE99v%2B24qkE1qWYb42S5YoMLcaLnD6BL%2BCE4h5u48WhKcrzKdPM4ukR8zzC2iUDwUgCG%2BAga6cCSxLEMGQkR166YWok%2BJ3w%3D%3D","environmentVariables":{"FIREBASE_CONFIG":"{\"projectId\":\"taskassistant-e3687\",\"storageBucket\":\"taskassistant-e3687.firebasestorage.app\"}","GCLOUD_PROJECT":"taskassistant-e3687","EVENTARC_CLOUD_EVENT_SOURCE":"projects/taskassistant-e3687/locations/us-central1/functions/notifyChildOnNewTask"},"runtime":"nodejs20","buildEnvironmentVariables":{"GOOGLE_NODE_RUN_SCRIPTS":""},"dockerRegistry":"ARTIFACT_REGISTRY"},"versionId":"1","updateTime":"2026-03-01T20:30:06.664090838Z","buildId":"f5640225-39df-4db0-b48e-bc87e6d79b81","buildName":"projects/38293562338/locations/us-central1/builds/f5640225-39df-4db0-b48e-bc87e6d79b81"}}
[debug] [2026-03-01T20:30:45.910Z] [create-default-us-central1-notifyChildOnNewTask] Retrying task index 0
[debug] [2026-03-01T20:30:45.910Z] Checked if tokens are valid: true, expires at: 1772399512547
[debug] [2026-03-01T20:30:45.910Z] Checked if tokens are valid: true, expires at: 1772399512547
[debug] [2026-03-01T20:30:45.910Z] >>> [apiv2][query] GET https://cloudfunctions.googleapis.com/v1/operations/cHJvamVjdHMvdGFza2Fzc2lzdGFudC1lMzY4Ny9sb2NhdGlvbnMvdXMtY2VudHJhbDEvb3BlcmF0aW9ucy9vcGVyYXRpb24tMTc3MjM5NzAwNjExNC02NGJmYzU1ZjM0ZGVkLTFlZDdmN2IwLTFkYjBiM2Vm [none]
[debug] [2026-03-01T20:30:46.138Z] <<< [apiv2][status] GET https://cloudfunctions.googleapis.com/v1/operations/cHJvamVjdHMvdGFza2Fzc2lzdGFudC1lMzY4Ny9sb2NhdGlvbnMvdXMtY2VudHJhbDEvb3BlcmF0aW9ucy9vcGVyYXRpb24tMTc3MjM5NzAwNjExNC02NGJmYzU1ZjM0ZGVkLTFlZDdmN2IwLTFkYjBiM2Vm 200
[debug] [2026-03-01T20:30:46.139Z] <<< [apiv2][body] GET https://cloudfunctions.googleapis.com/v1/operations/cHJvamVjdHMvdGFza2Fzc2lzdGFudC1lMzY4Ny9sb2NhdGlvbnMvdXMtY2VudHJhbDEvb3BlcmF0aW9ucy9vcGVyYXRpb24tMTc3MjM5NzAwNjExNC02NGJmYzU1ZjM0ZGVkLTFlZDdmN2IwLTFkYjBiM2Vm {"name":"operations/cHJvamVjdHMvdGFza2Fzc2lzdGFudC1lMzY4Ny9sb2NhdGlvbnMvdXMtY2VudHJhbDEvb3BlcmF0aW9ucy9vcGVyYXRpb24tMTc3MjM5NzAwNjExNC02NGJmYzU1ZjM0ZGVkLTFlZDdmN2IwLTFkYjBiM2Vm","metadata":{"@type":"type.googleapis.com/google.cloud.functions.v1.OperationMetadataV1","target":"projects/taskassistant-e3687/locations/us-central1/functions/notifyChildOnNewTask","type":"CREATE_FUNCTION","request":{"@type":"type.googleapis.com/google.cloud.functions.v1.CloudFunction","name":"projects/taskassistant-e3687/locations/us-central1/functions/notifyChildOnNewTask","eventTrigger":{"eventType":"providers/cloud.firestore/eventTypes/document.create","resource":"projects/taskassistant-e3687/databases/(default)/documents/tasks/{taskId}","failurePolicy":{}},"entryPoint":"notifyChildOnNewTask","updateTime":"1970-01-01T00:00:00Z","labels":{"deployment-tool":"cli-firebase","firebase-functions-hash":"856a27ccdf58370712b9520b86a1a7bff69cfff9"},"sourceUploadUrl":"https://storage.googleapis.com/uploads-617578874282.us-central1.cloudfunctions.appspot.com/48bc388b-cb08-466a-b6f5-4f0d079befd3.zip?GoogleAccessId=service-38293562338@gcf-admin-robot.iam.gserviceaccount.com&Expires=1772398805&Signature=FIViNWuFvQE%2BbK5SH0mNdiMcZseNMCMB7FHfmZbVjrZIOfdGE88e09LlPqkAia7iXN%2B97eMLgw8W8cP2Noa1rIv7fFFqsO68STRt%2BhiQLx7OFIATle9sXsmOz4u1%2F3rJJNu8uq0a2S7SqHnbeJS3JmOznUhAPewPC9NI6JDWieEmL%2F9SURKVNQoLMNIij2uQZM6cb1EIvNDjj7GfdJW9l5A2B2bn6%2B%2Fwhn4DYNKGxhfkhzgIKuOKLENcE99v%2B24qkE1qWYb42S5YoMLcaLnD6BL%2BCE4h5u48WhKcrzKdPM4ukR8zzC2iUDwUgCG%2BAga6cCSxLEMGQkR166YWok%2BJ3w%3D%3D","environmentVariables":{"FIREBASE_CONFIG":"{\"projectId\":\"taskassistant-e3687\",\"storageBucket\":\"taskassistant-e3687.firebasestorage.app\"}","GCLOUD_PROJECT":"taskassistant-e3687","EVENTARC_CLOUD_EVENT_SOURCE":"projects/taskassistant-e3687/locations/us-central1/functions/notifyChildOnNewTask"},"runtime":"nodejs20","buildEnvironmentVariables":{"GOOGLE_NODE_RUN_SCRIPTS":""},"dockerRegistry":"ARTIFACT_REGISTRY"},"versionId":"1","updateTime":"2026-03-01T20:30:06.664090838Z","buildId":"f5640225-39df-4db0-b48e-bc87e6d79b81","buildName":"projects/38293562338/locations/us-central1/builds/f5640225-39df-4db0-b48e-bc87e6d79b81"}}
[debug] [2026-03-01T20:30:56.147Z] [create-default-us-central1-notifyChildOnNewTask] Retrying task index 0
[debug] [2026-03-01T20:30:56.148Z] Checked if tokens are valid: true, expires at: 1772399512547
[debug] [2026-03-01T20:30:56.148Z] Checked if tokens are valid: true, expires at: 1772399512547
[debug] [2026-03-01T20:30:56.148Z] >>> [apiv2][query] GET https://cloudfunctions.googleapis.com/v1/operations/cHJvamVjdHMvdGFza2Fzc2lzdGFudC1lMzY4Ny9sb2NhdGlvbnMvdXMtY2VudHJhbDEvb3BlcmF0aW9ucy9vcGVyYXRpb24tMTc3MjM5NzAwNjExNC02NGJmYzU1ZjM0ZGVkLTFlZDdmN2IwLTFkYjBiM2Vm [none]
[debug] [2026-03-01T20:30:56.445Z] <<< [apiv2][status] GET https://cloudfunctions.googleapis.com/v1/operations/cHJvamVjdHMvdGFza2Fzc2lzdGFudC1lMzY4Ny9sb2NhdGlvbnMvdXMtY2VudHJhbDEvb3BlcmF0aW9ucy9vcGVyYXRpb24tMTc3MjM5NzAwNjExNC02NGJmYzU1ZjM0ZGVkLTFlZDdmN2IwLTFkYjBiM2Vm 200
[debug] [2026-03-01T20:30:56.445Z] <<< [apiv2][body] GET https://cloudfunctions.googleapis.com/v1/operations/cHJvamVjdHMvdGFza2Fzc2lzdGFudC1lMzY4Ny9sb2NhdGlvbnMvdXMtY2VudHJhbDEvb3BlcmF0aW9ucy9vcGVyYXRpb24tMTc3MjM5NzAwNjExNC02NGJmYzU1ZjM0ZGVkLTFlZDdmN2IwLTFkYjBiM2Vm {"name":"operations/cHJvamVjdHMvdGFza2Fzc2lzdGFudC1lMzY4Ny9sb2NhdGlvbnMvdXMtY2VudHJhbDEvb3BlcmF0aW9ucy9vcGVyYXRpb24tMTc3MjM5NzAwNjExNC02NGJmYzU1ZjM0ZGVkLTFlZDdmN2IwLTFkYjBiM2Vm","metadata":{"@type":"type.googleapis.com/google.cloud.functions.v1.OperationMetadataV1","target":"projects/taskassistant-e3687/locations/us-central1/functions/notifyChildOnNewTask","type":"CREATE_FUNCTION","request":{"@type":"type.googleapis.com/google.cloud.functions.v1.CloudFunction","name":"projects/taskassistant-e3687/locations/us-central1/functions/notifyChildOnNewTask","eventTrigger":{"eventType":"providers/cloud.firestore/eventTypes/document.create","resource":"projects/taskassistant-e3687/databases/(default)/documents/tasks/{taskId}","failurePolicy":{}},"entryPoint":"notifyChildOnNewTask","updateTime":"1970-01-01T00:00:00Z","labels":{"deployment-tool":"cli-firebase","firebase-functions-hash":"856a27ccdf58370712b9520b86a1a7bff69cfff9"},"sourceUploadUrl":"https://storage.googleapis.com/uploads-617578874282.us-central1.cloudfunctions.appspot.com/48bc388b-cb08-466a-b6f5-4f0d079befd3.zip?GoogleAccessId=service-38293562338@gcf-admin-robot.iam.gserviceaccount.com&Expires=1772398805&Signature=FIViNWuFvQE%2BbK5SH0mNdiMcZseNMCMB7FHfmZbVjrZIOfdGE88e09LlPqkAia7iXN%2B97eMLgw8W8cP2Noa1rIv7fFFqsO68STRt%2BhiQLx7OFIATle9sXsmOz4u1%2F3rJJNu8uq0a2S7SqHnbeJS3JmOznUhAPewPC9NI6JDWieEmL%2F9SURKVNQoLMNIij2uQZM6cb1EIvNDjj7GfdJW9l5A2B2bn6%2B%2Fwhn4DYNKGxhfkhzgIKuOKLENcE99v%2B24qkE1qWYb42S5YoMLcaLnD6BL%2BCE4h5u48WhKcrzKdPM4ukR8zzC2iUDwUgCG%2BAga6cCSxLEMGQkR166YWok%2BJ3w%3D%3D","environmentVariables":{"FIREBASE_CONFIG":"{\"projectId\":\"taskassistant-e3687\",\"storageBucket\":\"taskassistant-e3687.firebasestorage.app\"}","GCLOUD_PROJECT":"taskassistant-e3687","EVENTARC_CLOUD_EVENT_SOURCE":"projects/taskassistant-e3687/locations/us-central1/functions/notifyChildOnNewTask"},"runtime":"nodejs20","buildEnvironmentVariables":{"GOOGLE_NODE_RUN_SCRIPTS":""},"dockerRegistry":"ARTIFACT_REGISTRY"},"versionId":"1","updateTime":"2026-03-01T20:30:06.664090838Z","buildId":"f5640225-39df-4db0-b48e-bc87e6d79b81","buildName":"projects/38293562338/locations/us-central1/builds/f5640225-39df-4db0-b48e-bc87e6d79b81"}}
[debug] [2026-03-01T20:31:06.453Z] [create-default-us-central1-notifyChildOnNewTask] Retrying task index 0
[debug] [2026-03-01T20:31:06.454Z] Checked if tokens are valid: true, expires at: 1772399512547
[debug] [2026-03-01T20:31:06.454Z] Checked if tokens are valid: true, expires at: 1772399512547
[debug] [2026-03-01T20:31:06.454Z] >>> [apiv2][query] GET https://cloudfunctions.googleapis.com/v1/operations/cHJvamVjdHMvdGFza2Fzc2lzdGFudC1lMzY4Ny9sb2NhdGlvbnMvdXMtY2VudHJhbDEvb3BlcmF0aW9ucy9vcGVyYXRpb24tMTc3MjM5NzAwNjExNC02NGJmYzU1ZjM0ZGVkLTFlZDdmN2IwLTFkYjBiM2Vm [none]
[debug] [2026-03-01T20:31:06.729Z] <<< [apiv2][status] GET https://cloudfunctions.googleapis.com/v1/operations/cHJvamVjdHMvdGFza2Fzc2lzdGFudC1lMzY4Ny9sb2NhdGlvbnMvdXMtY2VudHJhbDEvb3BlcmF0aW9ucy9vcGVyYXRpb24tMTc3MjM5NzAwNjExNC02NGJmYzU1ZjM0ZGVkLTFlZDdmN2IwLTFkYjBiM2Vm 200
[debug] [2026-03-01T20:31:06.729Z] <<< [apiv2][body] GET https://cloudfunctions.googleapis.com/v1/operations/cHJvamVjdHMvdGFza2Fzc2lzdGFudC1lMzY4Ny9sb2NhdGlvbnMvdXMtY2VudHJhbDEvb3BlcmF0aW9ucy9vcGVyYXRpb24tMTc3MjM5NzAwNjExNC02NGJmYzU1ZjM0ZGVkLTFlZDdmN2IwLTFkYjBiM2Vm {"name":"operations/cHJvamVjdHMvdGFza2Fzc2lzdGFudC1lMzY4Ny9sb2NhdGlvbnMvdXMtY2VudHJhbDEvb3BlcmF0aW9ucy9vcGVyYXRpb24tMTc3MjM5NzAwNjExNC02NGJmYzU1ZjM0ZGVkLTFlZDdmN2IwLTFkYjBiM2Vm","metadata":{"@type":"type.googleapis.com/google.cloud.functions.v1.OperationMetadataV1","target":"projects/taskassistant-e3687/locations/us-central1/functions/notifyChildOnNewTask","type":"CREATE_FUNCTION","request":{"@type":"type.googleapis.com/google.cloud.functions.v1.CloudFunction","name":"projects/taskassistant-e3687/locations/us-central1/functions/notifyChildOnNewTask","eventTrigger":{"eventType":"providers/cloud.firestore/eventTypes/document.create","resource":"projects/taskassistant-e3687/databases/(default)/documents/tasks/{taskId}","failurePolicy":{}},"entryPoint":"notifyChildOnNewTask","updateTime":"1970-01-01T00:00:00Z","labels":{"deployment-tool":"cli-firebase","firebase-functions-hash":"856a27ccdf58370712b9520b86a1a7bff69cfff9"},"sourceUploadUrl":"https://storage.googleapis.com/uploads-617578874282.us-central1.cloudfunctions.appspot.com/48bc388b-cb08-466a-b6f5-4f0d079befd3.zip?GoogleAccessId=service-38293562338@gcf-admin-robot.iam.gserviceaccount.com&Expires=1772398805&Signature=FIViNWuFvQE%2BbK5SH0mNdiMcZseNMCMB7FHfmZbVjrZIOfdGE88e09LlPqkAia7iXN%2B97eMLgw8W8cP2Noa1rIv7fFFqsO68STRt%2BhiQLx7OFIATle9sXsmOz4u1%2F3rJJNu8uq0a2S7SqHnbeJS3JmOznUhAPewPC9NI6JDWieEmL%2F9SURKVNQoLMNIij2uQZM6cb1EIvNDjj7GfdJW9l5A2B2bn6%2B%2Fwhn4DYNKGxhfkhzgIKuOKLENcE99v%2B24qkE1qWYb42S5YoMLcaLnD6BL%2BCE4h5u48WhKcrzKdPM4ukR8zzC2iUDwUgCG%2BAga6cCSxLEMGQkR166YWok%2BJ3w%3D%3D","environmentVariables":{"FIREBASE_CONFIG":"{\"projectId\":\"taskassistant-e3687\",\"storageBucket\":\"taskassistant-e3687.firebasestorage.app\"}","GCLOUD_PROJECT":"taskassistant-e3687","EVENTARC_CLOUD_EVENT_SOURCE":"projects/taskassistant-e3687/locations/us-central1/functions/notifyChildOnNewTask"},"runtime":"nodejs20","buildEnvironmentVariables":{"GOOGLE_NODE_RUN_SCRIPTS":""},"dockerRegistry":"ARTIFACT_REGISTRY"},"versionId":"1","updateTime":"2026-03-01T20:30:06.664090838Z","buildId":"f5640225-39df-4db0-b48e-bc87e6d79b81","buildName":"projects/38293562338/locations/us-central1/builds/f5640225-39df-4db0-b48e-bc87e6d79b81"}}
[debug] [2026-03-01T20:31:16.741Z] [create-default-us-central1-notifyChildOnNewTask] Retrying task index 0
[debug] [2026-03-01T20:31:16.741Z] Checked if tokens are valid: true, expires at: 1772399512547
[debug] [2026-03-01T20:31:16.741Z] Checked if tokens are valid: true, expires at: 1772399512547
[debug] [2026-03-01T20:31:16.741Z] >>> [apiv2][query] GET https://cloudfunctions.googleapis.com/v1/operations/cHJvamVjdHMvdGFza2Fzc2lzdGFudC1lMzY4Ny9sb2NhdGlvbnMvdXMtY2VudHJhbDEvb3BlcmF0aW9ucy9vcGVyYXRpb24tMTc3MjM5NzAwNjExNC02NGJmYzU1ZjM0ZGVkLTFlZDdmN2IwLTFkYjBiM2Vm [none]
[debug] [2026-03-01T20:31:17.011Z] <<< [apiv2][status] GET https://cloudfunctions.googleapis.com/v1/operations/cHJvamVjdHMvdGFza2Fzc2lzdGFudC1lMzY4Ny9sb2NhdGlvbnMvdXMtY2VudHJhbDEvb3BlcmF0aW9ucy9vcGVyYXRpb24tMTc3MjM5NzAwNjExNC02NGJmYzU1ZjM0ZGVkLTFlZDdmN2IwLTFkYjBiM2Vm 200
[debug] [2026-03-01T20:31:17.011Z] <<< [apiv2][body] GET https://cloudfunctions.googleapis.com/v1/operations/cHJvamVjdHMvdGFza2Fzc2lzdGFudC1lMzY4Ny9sb2NhdGlvbnMvdXMtY2VudHJhbDEvb3BlcmF0aW9ucy9vcGVyYXRpb24tMTc3MjM5NzAwNjExNC02NGJmYzU1ZjM0ZGVkLTFlZDdmN2IwLTFkYjBiM2Vm {"name":"operations/cHJvamVjdHMvdGFza2Fzc2lzdGFudC1lMzY4Ny9sb2NhdGlvbnMvdXMtY2VudHJhbDEvb3BlcmF0aW9ucy9vcGVyYXRpb24tMTc3MjM5NzAwNjExNC02NGJmYzU1ZjM0ZGVkLTFlZDdmN2IwLTFkYjBiM2Vm","metadata":{"@type":"type.googleapis.com/google.cloud.functions.v1.OperationMetadataV1","target":"projects/taskassistant-e3687/locations/us-central1/functions/notifyChildOnNewTask","type":"CREATE_FUNCTION","request":{"@type":"type.googleapis.com/google.cloud.functions.v1.CloudFunction","name":"projects/taskassistant-e3687/locations/us-central1/functions/notifyChildOnNewTask","eventTrigger":{"eventType":"providers/cloud.firestore/eventTypes/document.create","resource":"projects/taskassistant-e3687/databases/(default)/documents/tasks/{taskId}","failurePolicy":{}},"entryPoint":"notifyChildOnNewTask","updateTime":"1970-01-01T00:00:00Z","labels":{"deployment-tool":"cli-firebase","firebase-functions-hash":"856a27ccdf58370712b9520b86a1a7bff69cfff9"},"sourceUploadUrl":"https://storage.googleapis.com/uploads-617578874282.us-central1.cloudfunctions.appspot.com/48bc388b-cb08-466a-b6f5-4f0d079befd3.zip?GoogleAccessId=service-38293562338@gcf-admin-robot.iam.gserviceaccount.com&Expires=1772398805&Signature=FIViNWuFvQE%2BbK5SH0mNdiMcZseNMCMB7FHfmZbVjrZIOfdGE88e09LlPqkAia7iXN%2B97eMLgw8W8cP2Noa1rIv7fFFqsO68STRt%2BhiQLx7OFIATle9sXsmOz4u1%2F3rJJNu8uq0a2S7SqHnbeJS3JmOznUhAPewPC9NI6JDWieEmL%2F9SURKVNQoLMNIij2uQZM6cb1EIvNDjj7GfdJW9l5A2B2bn6%2B%2Fwhn4DYNKGxhfkhzgIKuOKLENcE99v%2B24qkE1qWYb42S5YoMLcaLnD6BL%2BCE4h5u48WhKcrzKdPM4ukR8zzC2iUDwUgCG%2BAga6cCSxLEMGQkR166YWok%2BJ3w%3D%3D","environmentVariables":{"FIREBASE_CONFIG":"{\"projectId\":\"taskassistant-e3687\",\"storageBucket\":\"taskassistant-e3687.firebasestorage.app\"}","GCLOUD_PROJECT":"taskassistant-e3687","EVENTARC_CLOUD_EVENT_SOURCE":"projects/taskassistant-e3687/locations/us-central1/functions/notifyChildOnNewTask"},"runtime":"nodejs20","buildEnvironmentVariables":{"GOOGLE_NODE_RUN_SCRIPTS":""},"dockerRegistry":"ARTIFACT_REGISTRY"},"versionId":"1","updateTime":"2026-03-01T20:30:06.664090838Z","buildId":"f5640225-39df-4db0-b48e-bc87e6d79b81","sourceToken":"537ae84f-88b9-42f9-a755-b0aad6f118e4","buildName":"projects/38293562338/locations/us-central1/builds/f5640225-39df-4db0-b48e-bc87e6d79b81"}}
[debug] [2026-03-01T20:31:17.011Z] Got source token 537ae84f-88b9-42f9-a755-b0aad6f118e4 for region us-central1
[debug] [2026-03-01T20:31:17.012Z] Checked if tokens are valid: true, expires at: 1772399512547
[debug] [2026-03-01T20:31:17.012Z] Checked if tokens are valid: true, expires at: 1772399512547
[debug] [2026-03-01T20:31:17.012Z] >>> [apiv2][query] POST https://cloudfunctions.googleapis.com/v1/projects/taskassistant-e3687/locations/us-central1/functions [none]
[debug] [2026-03-01T20:31:17.012Z] >>> [apiv2][body] POST https://cloudfunctions.googleapis.com/v1/projects/taskassistant-e3687/locations/us-central1/functions {"name":"projects/taskassistant-e3687/locations/us-central1/functions/notifyParentOnReward","sourceUploadUrl":"https://storage.googleapis.com/uploads-617578874282.us-central1.cloudfunctions.appspot.com/48bc388b-cb08-466a-b6f5-4f0d079befd3.zip?GoogleAccessId=service-38293562338@gcf-admin-robot.iam.gserviceaccount.com&Expires=1772398805&Signature=FIViNWuFvQE%2BbK5SH0mNdiMcZseNMCMB7FHfmZbVjrZIOfdGE88e09LlPqkAia7iXN%2B97eMLgw8W8cP2Noa1rIv7fFFqsO68STRt%2BhiQLx7OFIATle9sXsmOz4u1%2F3rJJNu8uq0a2S7SqHnbeJS3JmOznUhAPewPC9NI6JDWieEmL%2F9SURKVNQoLMNIij2uQZM6cb1EIvNDjj7GfdJW9l5A2B2bn6%2B%2Fwhn4DYNKGxhfkhzgIKuOKLENcE99v%2B24qkE1qWYb42S5YoMLcaLnD6BL%2BCE4h5u48WhKcrzKdPM4ukR8zzC2iUDwUgCG%2BAga6cCSxLEMGQkR166YWok%2BJ3w%3D%3D","entryPoint":"notifyParentOnReward","runtime":"nodejs20","dockerRegistry":"ARTIFACT_REGISTRY","labels":{"deployment-tool":"cli-firebase","firebase-functions-hash":"856a27ccdf58370712b9520b86a1a7bff69cfff9"},"eventTrigger":{"eventType":"providers/cloud.firestore/eventTypes/document.create","resource":"projects/taskassistant-e3687/databases/(default)/documents/redemptions/{redemptionId}"},"minInstances":null,"maxInstances":null,"ingressSettings":null,"environmentVariables":{"FIREBASE_CONFIG":"{\"projectId\":\"taskassistant-e3687\",\"storageBucket\":\"taskassistant-e3687.firebasestorage.app\"}","GCLOUD_PROJECT":"taskassistant-e3687","EVENTARC_CLOUD_EVENT_SOURCE":"projects/taskassistant-e3687/locations/us-central1/functions/notifyParentOnReward"},"serviceAccountEmail":null,"availableMemoryMb":null,"timeout":null,"vpcConnector":null,"vpcConnectorEgressSettings":null,"sourceToken":"537ae84f-88b9-42f9-a755-b0aad6f118e4","buildEnvironmentVariables":{"GOOGLE_NODE_RUN_SCRIPTS":""}}
[debug] [2026-03-01T20:31:17.616Z] <<< [apiv2][status] POST https://cloudfunctions.googleapis.com/v1/projects/taskassistant-e3687/locations/us-central1/functions 200
[debug] [2026-03-01T20:31:17.616Z] <<< [apiv2][body] POST https://cloudfunctions.googleapis.com/v1/projects/taskassistant-e3687/locations/us-central1/functions {"name":"operations/cHJvamVjdHMvdGFza2Fzc2lzdGFudC1lMzY4Ny9sb2NhdGlvbnMvdXMtY2VudHJhbDEvb3BlcmF0aW9ucy9vcGVyYXRpb24tMTc3MjM5NzA3NTM4OS02NGJmYzVhMTQ1ZGZkLTJkNmI1MWIyLTgwOTEzMWM4","metadata":{"@type":"type.googleapis.com/google.cloud.functions.v1.OperationMetadataV1","target":"projects/taskassistant-e3687/locations/us-central1/functions/notifyParentOnReward","updateTime":"2026-03-01T20:31:15.747564423Z"}}
[debug] [2026-03-01T20:31:17.616Z] Checked if tokens are valid: true, expires at: 1772399512547
[debug] [2026-03-01T20:31:17.617Z] Checked if tokens are valid: true, expires at: 1772399512547
[debug] [2026-03-01T20:31:17.617Z] >>> [apiv2][query] GET https://cloudfunctions.googleapis.com/v1/operations/cHJvamVjdHMvdGFza2Fzc2lzdGFudC1lMzY4Ny9sb2NhdGlvbnMvdXMtY2VudHJhbDEvb3BlcmF0aW9ucy9vcGVyYXRpb24tMTc3MjM5NzA3NTM4OS02NGJmYzVhMTQ1ZGZkLTJkNmI1MWIyLTgwOTEzMWM4 [none]
[debug] [2026-03-01T20:31:17.852Z] <<< [apiv2][status] GET https://cloudfunctions.googleapis.com/v1/operations/cHJvamVjdHMvdGFza2Fzc2lzdGFudC1lMzY4Ny9sb2NhdGlvbnMvdXMtY2VudHJhbDEvb3BlcmF0aW9ucy9vcGVyYXRpb24tMTc3MjM5NzA3NTM4OS02NGJmYzVhMTQ1ZGZkLTJkNmI1MWIyLTgwOTEzMWM4 200
[debug] [2026-03-01T20:31:17.852Z] <<< [apiv2][body] GET https://cloudfunctions.googleapis.com/v1/operations/cHJvamVjdHMvdGFza2Fzc2lzdGFudC1lMzY4Ny9sb2NhdGlvbnMvdXMtY2VudHJhbDEvb3BlcmF0aW9ucy9vcGVyYXRpb24tMTc3MjM5NzA3NTM4OS02NGJmYzVhMTQ1ZGZkLTJkNmI1MWIyLTgwOTEzMWM4 {"name":"operations/cHJvamVjdHMvdGFza2Fzc2lzdGFudC1lMzY4Ny9sb2NhdGlvbnMvdXMtY2VudHJhbDEvb3BlcmF0aW9ucy9vcGVyYXRpb24tMTc3MjM5NzA3NTM4OS02NGJmYzVhMTQ1ZGZkLTJkNmI1MWIyLTgwOTEzMWM4","metadata":{"@type":"type.googleapis.com/google.cloud.functions.v1.OperationMetadataV1","target":"projects/taskassistant-e3687/locations/us-central1/functions/notifyParentOnReward","updateTime":"2026-03-01T20:31:15.747564423Z"}}
[debug] [2026-03-01T20:31:18.365Z] [create-default-us-central1-notifyParentOnReward] Retrying task index 0
[debug] [2026-03-01T20:31:18.365Z] Checked if tokens are valid: true, expires at: 1772399512547
[debug] [2026-03-01T20:31:18.366Z] Checked if tokens are valid: true, expires at: 1772399512547
[debug] [2026-03-01T20:31:18.366Z] >>> [apiv2][query] GET https://cloudfunctions.googleapis.com/v1/operations/cHJvamVjdHMvdGFza2Fzc2lzdGFudC1lMzY4Ny9sb2NhdGlvbnMvdXMtY2VudHJhbDEvb3BlcmF0aW9ucy9vcGVyYXRpb24tMTc3MjM5NzA3NTM4OS02NGJmYzVhMTQ1ZGZkLTJkNmI1MWIyLTgwOTEzMWM4 [none]
[debug] [2026-03-01T20:31:18.553Z] <<< [apiv2][status] GET https://cloudfunctions.googleapis.com/v1/operations/cHJvamVjdHMvdGFza2Fzc2lzdGFudC1lMzY4Ny9sb2NhdGlvbnMvdXMtY2VudHJhbDEvb3BlcmF0aW9ucy9vcGVyYXRpb24tMTc3MjM5NzA3NTM4OS02NGJmYzVhMTQ1ZGZkLTJkNmI1MWIyLTgwOTEzMWM4 200
[debug] [2026-03-01T20:31:18.553Z] <<< [apiv2][body] GET https://cloudfunctions.googleapis.com/v1/operations/cHJvamVjdHMvdGFza2Fzc2lzdGFudC1lMzY4Ny9sb2NhdGlvbnMvdXMtY2VudHJhbDEvb3BlcmF0aW9ucy9vcGVyYXRpb24tMTc3MjM5NzA3NTM4OS02NGJmYzVhMTQ1ZGZkLTJkNmI1MWIyLTgwOTEzMWM4 {"name":"operations/cHJvamVjdHMvdGFza2Fzc2lzdGFudC1lMzY4Ny9sb2NhdGlvbnMvdXMtY2VudHJhbDEvb3BlcmF0aW9ucy9vcGVyYXRpb24tMTc3MjM5NzA3NTM4OS02NGJmYzVhMTQ1ZGZkLTJkNmI1MWIyLTgwOTEzMWM4","metadata":{"@type":"type.googleapis.com/google.cloud.functions.v1.OperationMetadataV1","target":"projects/taskassistant-e3687/locations/us-central1/functions/notifyParentOnReward","type":"CREATE_FUNCTION","request":{"@type":"type.googleapis.com/google.cloud.functions.v1.CloudFunction","name":"projects/taskassistant-e3687/locations/us-central1/functions/notifyParentOnReward","eventTrigger":{"eventType":"providers/cloud.firestore/eventTypes/document.create","resource":"projects/taskassistant-e3687/databases/(default)/documents/redemptions/{redemptionId}","failurePolicy":{}},"entryPoint":"notifyParentOnReward","updateTime":"1970-01-01T00:00:00Z","labels":{"deployment-tool":"cli-firebase","firebase-functions-hash":"856a27ccdf58370712b9520b86a1a7bff69cfff9"},"sourceUploadUrl":"https://storage.googleapis.com/uploads-617578874282.us-central1.cloudfunctions.appspot.com/48bc388b-cb08-466a-b6f5-4f0d079befd3.zip?GoogleAccessId=service-38293562338@gcf-admin-robot.iam.gserviceaccount.com&Expires=1772398805&Signature=FIViNWuFvQE%2BbK5SH0mNdiMcZseNMCMB7FHfmZbVjrZIOfdGE88e09LlPqkAia7iXN%2B97eMLgw8W8cP2Noa1rIv7fFFqsO68STRt%2BhiQLx7OFIATle9sXsmOz4u1%2F3rJJNu8uq0a2S7SqHnbeJS3JmOznUhAPewPC9NI6JDWieEmL%2F9SURKVNQoLMNIij2uQZM6cb1EIvNDjj7GfdJW9l5A2B2bn6%2B%2Fwhn4DYNKGxhfkhzgIKuOKLENcE99v%2B24qkE1qWYb42S5YoMLcaLnD6BL%2BCE4h5u48WhKcrzKdPM4ukR8zzC2iUDwUgCG%2BAga6cCSxLEMGQkR166YWok%2BJ3w%3D%3D","environmentVariables":{"FIREBASE_CONFIG":"{\"projectId\":\"taskassistant-e3687\",\"storageBucket\":\"taskassistant-e3687.firebasestorage.app\"}","GCLOUD_PROJECT":"taskassistant-e3687","EVENTARC_CLOUD_EVENT_SOURCE":"projects/taskassistant-e3687/locations/us-central1/functions/notifyParentOnReward"},"runtime":"nodejs20","buildEnvironmentVariables":{"GOOGLE_NODE_RUN_SCRIPTS":""},"sourceToken":"537ae84f-88b9-42f9-a755-b0aad6f118e4","dockerRegistry":"ARTIFACT_REGISTRY"},"versionId":"1","updateTime":"2026-03-01T20:31:15.747564423Z","sourceToken":"537ae84f-88b9-42f9-a755-b0aad6f118e4"}}
[debug] [2026-03-01T20:31:18.554Z] Got source token 537ae84f-88b9-42f9-a755-b0aad6f118e4 for region us-central1
[debug] [2026-03-01T20:31:19.567Z] [create-default-us-central1-notifyParentOnReward] Retrying task index 0
[debug] [2026-03-01T20:31:19.568Z] Checked if tokens are valid: true, expires at: 1772399512547
[debug] [2026-03-01T20:31:19.568Z] Checked if tokens are valid: true, expires at: 1772399512547
[debug] [2026-03-01T20:31:19.568Z] >>> [apiv2][query] GET https://cloudfunctions.googleapis.com/v1/operations/cHJvamVjdHMvdGFza2Fzc2lzdGFudC1lMzY4Ny9sb2NhdGlvbnMvdXMtY2VudHJhbDEvb3BlcmF0aW9ucy9vcGVyYXRpb24tMTc3MjM5NzA3NTM4OS02NGJmYzVhMTQ1ZGZkLTJkNmI1MWIyLTgwOTEzMWM4 [none]
[debug] [2026-03-01T20:31:19.814Z] <<< [apiv2][status] GET https://cloudfunctions.googleapis.com/v1/operations/cHJvamVjdHMvdGFza2Fzc2lzdGFudC1lMzY4Ny9sb2NhdGlvbnMvdXMtY2VudHJhbDEvb3BlcmF0aW9ucy9vcGVyYXRpb24tMTc3MjM5NzA3NTM4OS02NGJmYzVhMTQ1ZGZkLTJkNmI1MWIyLTgwOTEzMWM4 200
[debug] [2026-03-01T20:31:19.814Z] <<< [apiv2][body] GET https://cloudfunctions.googleapis.com/v1/operations/cHJvamVjdHMvdGFza2Fzc2lzdGFudC1lMzY4Ny9sb2NhdGlvbnMvdXMtY2VudHJhbDEvb3BlcmF0aW9ucy9vcGVyYXRpb24tMTc3MjM5NzA3NTM4OS02NGJmYzVhMTQ1ZGZkLTJkNmI1MWIyLTgwOTEzMWM4 {"name":"operations/cHJvamVjdHMvdGFza2Fzc2lzdGFudC1lMzY4Ny9sb2NhdGlvbnMvdXMtY2VudHJhbDEvb3BlcmF0aW9ucy9vcGVyYXRpb24tMTc3MjM5NzA3NTM4OS02NGJmYzVhMTQ1ZGZkLTJkNmI1MWIyLTgwOTEzMWM4","metadata":{"@type":"type.googleapis.com/google.cloud.functions.v1.OperationMetadataV1","target":"projects/taskassistant-e3687/locations/us-central1/functions/notifyParentOnReward","type":"CREATE_FUNCTION","request":{"@type":"type.googleapis.com/google.cloud.functions.v1.CloudFunction","name":"projects/taskassistant-e3687/locations/us-central1/functions/notifyParentOnReward","eventTrigger":{"eventType":"providers/cloud.firestore/eventTypes/document.create","resource":"projects/taskassistant-e3687/databases/(default)/documents/redemptions/{redemptionId}","failurePolicy":{}},"entryPoint":"notifyParentOnReward","updateTime":"1970-01-01T00:00:00Z","labels":{"deployment-tool":"cli-firebase","firebase-functions-hash":"856a27ccdf58370712b9520b86a1a7bff69cfff9"},"sourceUploadUrl":"https://storage.googleapis.com/uploads-617578874282.us-central1.cloudfunctions.appspot.com/48bc388b-cb08-466a-b6f5-4f0d079befd3.zip?GoogleAccessId=service-38293562338@gcf-admin-robot.iam.gserviceaccount.com&Expires=1772398805&Signature=FIViNWuFvQE%2BbK5SH0mNdiMcZseNMCMB7FHfmZbVjrZIOfdGE88e09LlPqkAia7iXN%2B97eMLgw8W8cP2Noa1rIv7fFFqsO68STRt%2BhiQLx7OFIATle9sXsmOz4u1%2F3rJJNu8uq0a2S7SqHnbeJS3JmOznUhAPewPC9NI6JDWieEmL%2F9SURKVNQoLMNIij2uQZM6cb1EIvNDjj7GfdJW9l5A2B2bn6%2B%2Fwhn4DYNKGxhfkhzgIKuOKLENcE99v%2B24qkE1qWYb42S5YoMLcaLnD6BL%2BCE4h5u48WhKcrzKdPM4ukR8zzC2iUDwUgCG%2BAga6cCSxLEMGQkR166YWok%2BJ3w%3D%3D","environmentVariables":{"FIREBASE_CONFIG":"{\"projectId\":\"taskassistant-e3687\",\"storageBucket\":\"taskassistant-e3687.firebasestorage.app\"}","GCLOUD_PROJECT":"taskassistant-e3687","EVENTARC_CLOUD_EVENT_SOURCE":"projects/taskassistant-e3687/locations/us-central1/functions/notifyParentOnReward"},"runtime":"nodejs20","buildEnvironmentVariables":{"GOOGLE_NODE_RUN_SCRIPTS":""},"sourceToken":"537ae84f-88b9-42f9-a755-b0aad6f118e4","dockerRegistry":"ARTIFACT_REGISTRY"},"versionId":"1","updateTime":"2026-03-01T20:31:15.747564423Z","sourceToken":"537ae84f-88b9-42f9-a755-b0aad6f118e4"}}
[debug] [2026-03-01T20:31:19.815Z] Got source token 537ae84f-88b9-42f9-a755-b0aad6f118e4 for region us-central1
[debug] [2026-03-01T20:31:21.829Z] [create-default-us-central1-notifyParentOnReward] Retrying task index 0
[debug] [2026-03-01T20:31:21.829Z] Checked if tokens are valid: true, expires at: 1772399512547
[debug] [2026-03-01T20:31:21.829Z] Checked if tokens are valid: true, expires at: 1772399512547
[debug] [2026-03-01T20:31:21.830Z] >>> [apiv2][query] GET https://cloudfunctions.googleapis.com/v1/operations/cHJvamVjdHMvdGFza2Fzc2lzdGFudC1lMzY4Ny9sb2NhdGlvbnMvdXMtY2VudHJhbDEvb3BlcmF0aW9ucy9vcGVyYXRpb24tMTc3MjM5NzA3NTM4OS02NGJmYzVhMTQ1ZGZkLTJkNmI1MWIyLTgwOTEzMWM4 [none]
[debug] [2026-03-01T20:31:22.045Z] <<< [apiv2][status] GET https://cloudfunctions.googleapis.com/v1/operations/cHJvamVjdHMvdGFza2Fzc2lzdGFudC1lMzY4Ny9sb2NhdGlvbnMvdXMtY2VudHJhbDEvb3BlcmF0aW9ucy9vcGVyYXRpb24tMTc3MjM5NzA3NTM4OS02NGJmYzVhMTQ1ZGZkLTJkNmI1MWIyLTgwOTEzMWM4 200
[debug] [2026-03-01T20:31:22.045Z] <<< [apiv2][body] GET https://cloudfunctions.googleapis.com/v1/operations/cHJvamVjdHMvdGFza2Fzc2lzdGFudC1lMzY4Ny9sb2NhdGlvbnMvdXMtY2VudHJhbDEvb3BlcmF0aW9ucy9vcGVyYXRpb24tMTc3MjM5NzA3NTM4OS02NGJmYzVhMTQ1ZGZkLTJkNmI1MWIyLTgwOTEzMWM4 {"name":"operations/cHJvamVjdHMvdGFza2Fzc2lzdGFudC1lMzY4Ny9sb2NhdGlvbnMvdXMtY2VudHJhbDEvb3BlcmF0aW9ucy9vcGVyYXRpb24tMTc3MjM5NzA3NTM4OS02NGJmYzVhMTQ1ZGZkLTJkNmI1MWIyLTgwOTEzMWM4","metadata":{"@type":"type.googleapis.com/google.cloud.functions.v1.OperationMetadataV1","target":"projects/taskassistant-e3687/locations/us-central1/functions/notifyParentOnReward","type":"CREATE_FUNCTION","request":{"@type":"type.googleapis.com/google.cloud.functions.v1.CloudFunction","name":"projects/taskassistant-e3687/locations/us-central1/functions/notifyParentOnReward","eventTrigger":{"eventType":"providers/cloud.firestore/eventTypes/document.create","resource":"projects/taskassistant-e3687/databases/(default)/documents/redemptions/{redemptionId}","failurePolicy":{}},"entryPoint":"notifyParentOnReward","updateTime":"1970-01-01T00:00:00Z","labels":{"deployment-tool":"cli-firebase","firebase-functions-hash":"856a27ccdf58370712b9520b86a1a7bff69cfff9"},"sourceUploadUrl":"https://storage.googleapis.com/uploads-617578874282.us-central1.cloudfunctions.appspot.com/48bc388b-cb08-466a-b6f5-4f0d079befd3.zip?GoogleAccessId=service-38293562338@gcf-admin-robot.iam.gserviceaccount.com&Expires=1772398805&Signature=FIViNWuFvQE%2BbK5SH0mNdiMcZseNMCMB7FHfmZbVjrZIOfdGE88e09LlPqkAia7iXN%2B97eMLgw8W8cP2Noa1rIv7fFFqsO68STRt%2BhiQLx7OFIATle9sXsmOz4u1%2F3rJJNu8uq0a2S7SqHnbeJS3JmOznUhAPewPC9NI6JDWieEmL%2F9SURKVNQoLMNIij2uQZM6cb1EIvNDjj7GfdJW9l5A2B2bn6%2B%2Fwhn4DYNKGxhfkhzgIKuOKLENcE99v%2B24qkE1qWYb42S5YoMLcaLnD6BL%2BCE4h5u48WhKcrzKdPM4ukR8zzC2iUDwUgCG%2BAga6cCSxLEMGQkR166YWok%2BJ3w%3D%3D","environmentVariables":{"FIREBASE_CONFIG":"{\"projectId\":\"taskassistant-e3687\",\"storageBucket\":\"taskassistant-e3687.firebasestorage.app\"}","GCLOUD_PROJECT":"taskassistant-e3687","EVENTARC_CLOUD_EVENT_SOURCE":"projects/taskassistant-e3687/locations/us-central1/functions/notifyParentOnReward"},"runtime":"nodejs20","buildEnvironmentVariables":{"GOOGLE_NODE_RUN_SCRIPTS":""},"sourceToken":"537ae84f-88b9-42f9-a755-b0aad6f118e4","dockerRegistry":"ARTIFACT_REGISTRY"},"versionId":"1","updateTime":"2026-03-01T20:31:15.747564423Z","buildId":"f5640225-39df-4db0-b48e-bc87e6d79b81","sourceToken":"537ae84f-88b9-42f9-a755-b0aad6f118e4","buildName":"projects/38293562338/locations/us-central1/builds/f5640225-39df-4db0-b48e-bc87e6d79b81"}}
[debug] [2026-03-01T20:31:22.046Z] Got source token 537ae84f-88b9-42f9-a755-b0aad6f118e4 for region us-central1
[debug] [2026-03-01T20:31:26.049Z] [create-default-us-central1-notifyParentOnReward] Retrying task index 0
[debug] [2026-03-01T20:31:26.050Z] Checked if tokens are valid: true, expires at: 1772399512547
[debug] [2026-03-01T20:31:26.050Z] Checked if tokens are valid: true, expires at: 1772399512547
[debug] [2026-03-01T20:31:26.050Z] >>> [apiv2][query] GET https://cloudfunctions.googleapis.com/v1/operations/cHJvamVjdHMvdGFza2Fzc2lzdGFudC1lMzY4Ny9sb2NhdGlvbnMvdXMtY2VudHJhbDEvb3BlcmF0aW9ucy9vcGVyYXRpb24tMTc3MjM5NzA3NTM4OS02NGJmYzVhMTQ1ZGZkLTJkNmI1MWIyLTgwOTEzMWM4 [none]
[debug] [2026-03-01T20:31:26.270Z] <<< [apiv2][status] GET https://cloudfunctions.googleapis.com/v1/operations/cHJvamVjdHMvdGFza2Fzc2lzdGFudC1lMzY4Ny9sb2NhdGlvbnMvdXMtY2VudHJhbDEvb3BlcmF0aW9ucy9vcGVyYXRpb24tMTc3MjM5NzA3NTM4OS02NGJmYzVhMTQ1ZGZkLTJkNmI1MWIyLTgwOTEzMWM4 200
[debug] [2026-03-01T20:31:26.270Z] <<< [apiv2][body] GET https://cloudfunctions.googleapis.com/v1/operations/cHJvamVjdHMvdGFza2Fzc2lzdGFudC1lMzY4Ny9sb2NhdGlvbnMvdXMtY2VudHJhbDEvb3BlcmF0aW9ucy9vcGVyYXRpb24tMTc3MjM5NzA3NTM4OS02NGJmYzVhMTQ1ZGZkLTJkNmI1MWIyLTgwOTEzMWM4 {"name":"operations/cHJvamVjdHMvdGFza2Fzc2lzdGFudC1lMzY4Ny9sb2NhdGlvbnMvdXMtY2VudHJhbDEvb3BlcmF0aW9ucy9vcGVyYXRpb24tMTc3MjM5NzA3NTM4OS02NGJmYzVhMTQ1ZGZkLTJkNmI1MWIyLTgwOTEzMWM4","metadata":{"@type":"type.googleapis.com/google.cloud.functions.v1.OperationMetadataV1","target":"projects/taskassistant-e3687/locations/us-central1/functions/notifyParentOnReward","type":"CREATE_FUNCTION","request":{"@type":"type.googleapis.com/google.cloud.functions.v1.CloudFunction","name":"projects/taskassistant-e3687/locations/us-central1/functions/notifyParentOnReward","eventTrigger":{"eventType":"providers/cloud.firestore/eventTypes/document.create","resource":"projects/taskassistant-e3687/databases/(default)/documents/redemptions/{redemptionId}","failurePolicy":{}},"entryPoint":"notifyParentOnReward","updateTime":"1970-01-01T00:00:00Z","labels":{"deployment-tool":"cli-firebase","firebase-functions-hash":"856a27ccdf58370712b9520b86a1a7bff69cfff9"},"sourceUploadUrl":"https://storage.googleapis.com/uploads-617578874282.us-central1.cloudfunctions.appspot.com/48bc388b-cb08-466a-b6f5-4f0d079befd3.zip?GoogleAccessId=service-38293562338@gcf-admin-robot.iam.gserviceaccount.com&Expires=1772398805&Signature=FIViNWuFvQE%2BbK5SH0mNdiMcZseNMCMB7FHfmZbVjrZIOfdGE88e09LlPqkAia7iXN%2B97eMLgw8W8cP2Noa1rIv7fFFqsO68STRt%2BhiQLx7OFIATle9sXsmOz4u1%2F3rJJNu8uq0a2S7SqHnbeJS3JmOznUhAPewPC9NI6JDWieEmL%2F9SURKVNQoLMNIij2uQZM6cb1EIvNDjj7GfdJW9l5A2B2bn6%2B%2Fwhn4DYNKGxhfkhzgIKuOKLENcE99v%2B24qkE1qWYb42S5YoMLcaLnD6BL%2BCE4h5u48WhKcrzKdPM4ukR8zzC2iUDwUgCG%2BAga6cCSxLEMGQkR166YWok%2BJ3w%3D%3D","environmentVariables":{"FIREBASE_CONFIG":"{\"projectId\":\"taskassistant-e3687\",\"storageBucket\":\"taskassistant-e3687.firebasestorage.app\"}","GCLOUD_PROJECT":"taskassistant-e3687","EVENTARC_CLOUD_EVENT_SOURCE":"projects/taskassistant-e3687/locations/us-central1/functions/notifyParentOnReward"},"runtime":"nodejs20","buildEnvironmentVariables":{"GOOGLE_NODE_RUN_SCRIPTS":""},"sourceToken":"537ae84f-88b9-42f9-a755-b0aad6f118e4","dockerRegistry":"ARTIFACT_REGISTRY"},"versionId":"1","updateTime":"2026-03-01T20:31:15.747564423Z","buildId":"f5640225-39df-4db0-b48e-bc87e6d79b81","sourceToken":"537ae84f-88b9-42f9-a755-b0aad6f118e4","buildName":"projects/38293562338/locations/us-central1/builds/f5640225-39df-4db0-b48e-bc87e6d79b81"}}
[debug] [2026-03-01T20:31:26.271Z] Got source token 537ae84f-88b9-42f9-a755-b0aad6f118e4 for region us-central1
[debug] [2026-03-01T20:31:27.024Z] [create-default-us-central1-notifyChildOnNewTask] Retrying task index 0
[debug] [2026-03-01T20:31:27.025Z] Checked if tokens are valid: true, expires at: 1772399512547
[debug] [2026-03-01T20:31:27.025Z] Checked if tokens are valid: true, expires at: 1772399512547
[debug] [2026-03-01T20:31:27.025Z] >>> [apiv2][query] GET https://cloudfunctions.googleapis.com/v1/operations/cHJvamVjdHMvdGFza2Fzc2lzdGFudC1lMzY4Ny9sb2NhdGlvbnMvdXMtY2VudHJhbDEvb3BlcmF0aW9ucy9vcGVyYXRpb24tMTc3MjM5NzAwNjExNC02NGJmYzU1ZjM0ZGVkLTFlZDdmN2IwLTFkYjBiM2Vm [none]
[debug] [2026-03-01T20:31:27.222Z] <<< [apiv2][status] GET https://cloudfunctions.googleapis.com/v1/operations/cHJvamVjdHMvdGFza2Fzc2lzdGFudC1lMzY4Ny9sb2NhdGlvbnMvdXMtY2VudHJhbDEvb3BlcmF0aW9ucy9vcGVyYXRpb24tMTc3MjM5NzAwNjExNC02NGJmYzU1ZjM0ZGVkLTFlZDdmN2IwLTFkYjBiM2Vm 200
[debug] [2026-03-01T20:31:27.222Z] <<< [apiv2][body] GET https://cloudfunctions.googleapis.com/v1/operations/cHJvamVjdHMvdGFza2Fzc2lzdGFudC1lMzY4Ny9sb2NhdGlvbnMvdXMtY2VudHJhbDEvb3BlcmF0aW9ucy9vcGVyYXRpb24tMTc3MjM5NzAwNjExNC02NGJmYzU1ZjM0ZGVkLTFlZDdmN2IwLTFkYjBiM2Vm {"name":"operations/cHJvamVjdHMvdGFza2Fzc2lzdGFudC1lMzY4Ny9sb2NhdGlvbnMvdXMtY2VudHJhbDEvb3BlcmF0aW9ucy9vcGVyYXRpb24tMTc3MjM5NzAwNjExNC02NGJmYzU1ZjM0ZGVkLTFlZDdmN2IwLTFkYjBiM2Vm","metadata":{"@type":"type.googleapis.com/google.cloud.functions.v1.OperationMetadataV1","target":"projects/taskassistant-e3687/locations/us-central1/functions/notifyChildOnNewTask","type":"CREATE_FUNCTION","request":{"@type":"type.googleapis.com/google.cloud.functions.v1.CloudFunction","name":"projects/taskassistant-e3687/locations/us-central1/functions/notifyChildOnNewTask","eventTrigger":{"eventType":"providers/cloud.firestore/eventTypes/document.create","resource":"projects/taskassistant-e3687/databases/(default)/documents/tasks/{taskId}","failurePolicy":{}},"entryPoint":"notifyChildOnNewTask","updateTime":"1970-01-01T00:00:00Z","labels":{"deployment-tool":"cli-firebase","firebase-functions-hash":"856a27ccdf58370712b9520b86a1a7bff69cfff9"},"sourceUploadUrl":"https://storage.googleapis.com/uploads-617578874282.us-central1.cloudfunctions.appspot.com/48bc388b-cb08-466a-b6f5-4f0d079befd3.zip?GoogleAccessId=service-38293562338@gcf-admin-robot.iam.gserviceaccount.com&Expires=1772398805&Signature=FIViNWuFvQE%2BbK5SH0mNdiMcZseNMCMB7FHfmZbVjrZIOfdGE88e09LlPqkAia7iXN%2B97eMLgw8W8cP2Noa1rIv7fFFqsO68STRt%2BhiQLx7OFIATle9sXsmOz4u1%2F3rJJNu8uq0a2S7SqHnbeJS3JmOznUhAPewPC9NI6JDWieEmL%2F9SURKVNQoLMNIij2uQZM6cb1EIvNDjj7GfdJW9l5A2B2bn6%2B%2Fwhn4DYNKGxhfkhzgIKuOKLENcE99v%2B24qkE1qWYb42S5YoMLcaLnD6BL%2BCE4h5u48WhKcrzKdPM4ukR8zzC2iUDwUgCG%2BAga6cCSxLEMGQkR166YWok%2BJ3w%3D%3D","environmentVariables":{"FIREBASE_CONFIG":"{\"projectId\":\"taskassistant-e3687\",\"storageBucket\":\"taskassistant-e3687.firebasestorage.app\"}","GCLOUD_PROJECT":"taskassistant-e3687","EVENTARC_CLOUD_EVENT_SOURCE":"projects/taskassistant-e3687/locations/us-central1/functions/notifyChildOnNewTask"},"runtime":"nodejs20","buildEnvironmentVariables":{"GOOGLE_NODE_RUN_SCRIPTS":""},"dockerRegistry":"ARTIFACT_REGISTRY"},"versionId":"1","updateTime":"2026-03-01T20:30:06.664090838Z","buildId":"f5640225-39df-4db0-b48e-bc87e6d79b81","sourceToken":"537ae84f-88b9-42f9-a755-b0aad6f118e4","buildName":"projects/38293562338/locations/us-central1/builds/f5640225-39df-4db0-b48e-bc87e6d79b81"}}
[debug] [2026-03-01T20:31:27.222Z] Got source token 537ae84f-88b9-42f9-a755-b0aad6f118e4 for region us-central1
[debug] [2026-03-01T20:31:34.280Z] [create-default-us-central1-notifyParentOnReward] Retrying task index 0
[debug] [2026-03-01T20:31:34.281Z] Checked if tokens are valid: true, expires at: 1772399512547
[debug] [2026-03-01T20:31:34.281Z] Checked if tokens are valid: true, expires at: 1772399512547
[debug] [2026-03-01T20:31:34.281Z] >>> [apiv2][query] GET https://cloudfunctions.googleapis.com/v1/operations/cHJvamVjdHMvdGFza2Fzc2lzdGFudC1lMzY4Ny9sb2NhdGlvbnMvdXMtY2VudHJhbDEvb3BlcmF0aW9ucy9vcGVyYXRpb24tMTc3MjM5NzA3NTM4OS02NGJmYzVhMTQ1ZGZkLTJkNmI1MWIyLTgwOTEzMWM4 [none]
[debug] [2026-03-01T20:31:34.570Z] <<< [apiv2][status] GET https://cloudfunctions.googleapis.com/v1/operations/cHJvamVjdHMvdGFza2Fzc2lzdGFudC1lMzY4Ny9sb2NhdGlvbnMvdXMtY2VudHJhbDEvb3BlcmF0aW9ucy9vcGVyYXRpb24tMTc3MjM5NzA3NTM4OS02NGJmYzVhMTQ1ZGZkLTJkNmI1MWIyLTgwOTEzMWM4 200
[debug] [2026-03-01T20:31:34.570Z] <<< [apiv2][body] GET https://cloudfunctions.googleapis.com/v1/operations/cHJvamVjdHMvdGFza2Fzc2lzdGFudC1lMzY4Ny9sb2NhdGlvbnMvdXMtY2VudHJhbDEvb3BlcmF0aW9ucy9vcGVyYXRpb24tMTc3MjM5NzA3NTM4OS02NGJmYzVhMTQ1ZGZkLTJkNmI1MWIyLTgwOTEzMWM4 {"name":"operations/cHJvamVjdHMvdGFza2Fzc2lzdGFudC1lMzY4Ny9sb2NhdGlvbnMvdXMtY2VudHJhbDEvb3BlcmF0aW9ucy9vcGVyYXRpb24tMTc3MjM5NzA3NTM4OS02NGJmYzVhMTQ1ZGZkLTJkNmI1MWIyLTgwOTEzMWM4","metadata":{"@type":"type.googleapis.com/google.cloud.functions.v1.OperationMetadataV1","target":"projects/taskassistant-e3687/locations/us-central1/functions/notifyParentOnReward","type":"CREATE_FUNCTION","request":{"@type":"type.googleapis.com/google.cloud.functions.v1.CloudFunction","name":"projects/taskassistant-e3687/locations/us-central1/functions/notifyParentOnReward","eventTrigger":{"eventType":"providers/cloud.firestore/eventTypes/document.create","resource":"projects/taskassistant-e3687/databases/(default)/documents/redemptions/{redemptionId}","failurePolicy":{}},"entryPoint":"notifyParentOnReward","updateTime":"1970-01-01T00:00:00Z","labels":{"deployment-tool":"cli-firebase","firebase-functions-hash":"856a27ccdf58370712b9520b86a1a7bff69cfff9"},"sourceUploadUrl":"https://storage.googleapis.com/uploads-617578874282.us-central1.cloudfunctions.appspot.com/48bc388b-cb08-466a-b6f5-4f0d079befd3.zip?GoogleAccessId=service-38293562338@gcf-admin-robot.iam.gserviceaccount.com&Expires=1772398805&Signature=FIViNWuFvQE%2BbK5SH0mNdiMcZseNMCMB7FHfmZbVjrZIOfdGE88e09LlPqkAia7iXN%2B97eMLgw8W8cP2Noa1rIv7fFFqsO68STRt%2BhiQLx7OFIATle9sXsmOz4u1%2F3rJJNu8uq0a2S7SqHnbeJS3JmOznUhAPewPC9NI6JDWieEmL%2F9SURKVNQoLMNIij2uQZM6cb1EIvNDjj7GfdJW9l5A2B2bn6%2B%2Fwhn4DYNKGxhfkhzgIKuOKLENcE99v%2B24qkE1qWYb42S5YoMLcaLnD6BL%2BCE4h5u48WhKcrzKdPM4ukR8zzC2iUDwUgCG%2BAga6cCSxLEMGQkR166YWok%2BJ3w%3D%3D","environmentVariables":{"FIREBASE_CONFIG":"{\"projectId\":\"taskassistant-e3687\",\"storageBucket\":\"taskassistant-e3687.firebasestorage.app\"}","GCLOUD_PROJECT":"taskassistant-e3687","EVENTARC_CLOUD_EVENT_SOURCE":"projects/taskassistant-e3687/locations/us-central1/functions/notifyParentOnReward"},"runtime":"nodejs20","buildEnvironmentVariables":{"GOOGLE_NODE_RUN_SCRIPTS":""},"sourceToken":"537ae84f-88b9-42f9-a755-b0aad6f118e4","dockerRegistry":"ARTIFACT_REGISTRY"},"versionId":"1","updateTime":"2026-03-01T20:31:15.747564423Z","buildId":"f5640225-39df-4db0-b48e-bc87e6d79b81","sourceToken":"537ae84f-88b9-42f9-a755-b0aad6f118e4","buildName":"projects/38293562338/locations/us-central1/builds/f5640225-39df-4db0-b48e-bc87e6d79b81"}}
[debug] [2026-03-01T20:31:34.571Z] Got source token 537ae84f-88b9-42f9-a755-b0aad6f118e4 for region us-central1
[debug] [2026-03-01T20:31:37.235Z] [create-default-us-central1-notifyChildOnNewTask] Retrying task index 0
[debug] [2026-03-01T20:31:37.235Z] Checked if tokens are valid: true, expires at: 1772399512547
[debug] [2026-03-01T20:31:37.236Z] Checked if tokens are valid: true, expires at: 1772399512547
[debug] [2026-03-01T20:31:37.236Z] >>> [apiv2][query] GET https://cloudfunctions.googleapis.com/v1/operations/cHJvamVjdHMvdGFza2Fzc2lzdGFudC1lMzY4Ny9sb2NhdGlvbnMvdXMtY2VudHJhbDEvb3BlcmF0aW9ucy9vcGVyYXRpb24tMTc3MjM5NzAwNjExNC02NGJmYzU1ZjM0ZGVkLTFlZDdmN2IwLTFkYjBiM2Vm [none]
[debug] [2026-03-01T20:31:37.419Z] <<< [apiv2][status] GET https://cloudfunctions.googleapis.com/v1/operations/cHJvamVjdHMvdGFza2Fzc2lzdGFudC1lMzY4Ny9sb2NhdGlvbnMvdXMtY2VudHJhbDEvb3BlcmF0aW9ucy9vcGVyYXRpb24tMTc3MjM5NzAwNjExNC02NGJmYzU1ZjM0ZGVkLTFlZDdmN2IwLTFkYjBiM2Vm 200
[debug] [2026-03-01T20:31:37.419Z] <<< [apiv2][body] GET https://cloudfunctions.googleapis.com/v1/operations/cHJvamVjdHMvdGFza2Fzc2lzdGFudC1lMzY4Ny9sb2NhdGlvbnMvdXMtY2VudHJhbDEvb3BlcmF0aW9ucy9vcGVyYXRpb24tMTc3MjM5NzAwNjExNC02NGJmYzU1ZjM0ZGVkLTFlZDdmN2IwLTFkYjBiM2Vm {"name":"operations/cHJvamVjdHMvdGFza2Fzc2lzdGFudC1lMzY4Ny9sb2NhdGlvbnMvdXMtY2VudHJhbDEvb3BlcmF0aW9ucy9vcGVyYXRpb24tMTc3MjM5NzAwNjExNC02NGJmYzU1ZjM0ZGVkLTFlZDdmN2IwLTFkYjBiM2Vm","metadata":{"@type":"type.googleapis.com/google.cloud.functions.v1.OperationMetadataV1","target":"projects/taskassistant-e3687/locations/us-central1/functions/notifyChildOnNewTask","type":"CREATE_FUNCTION","request":{"@type":"type.googleapis.com/google.cloud.functions.v1.CloudFunction","name":"projects/taskassistant-e3687/locations/us-central1/functions/notifyChildOnNewTask","eventTrigger":{"eventType":"providers/cloud.firestore/eventTypes/document.create","resource":"projects/taskassistant-e3687/databases/(default)/documents/tasks/{taskId}","failurePolicy":{}},"entryPoint":"notifyChildOnNewTask","updateTime":"1970-01-01T00:00:00Z","labels":{"deployment-tool":"cli-firebase","firebase-functions-hash":"856a27ccdf58370712b9520b86a1a7bff69cfff9"},"sourceUploadUrl":"https://storage.googleapis.com/uploads-617578874282.us-central1.cloudfunctions.appspot.com/48bc388b-cb08-466a-b6f5-4f0d079befd3.zip?GoogleAccessId=service-38293562338@gcf-admin-robot.iam.gserviceaccount.com&Expires=1772398805&Signature=FIViNWuFvQE%2BbK5SH0mNdiMcZseNMCMB7FHfmZbVjrZIOfdGE88e09LlPqkAia7iXN%2B97eMLgw8W8cP2Noa1rIv7fFFqsO68STRt%2BhiQLx7OFIATle9sXsmOz4u1%2F3rJJNu8uq0a2S7SqHnbeJS3JmOznUhAPewPC9NI6JDWieEmL%2F9SURKVNQoLMNIij2uQZM6cb1EIvNDjj7GfdJW9l5A2B2bn6%2B%2Fwhn4DYNKGxhfkhzgIKuOKLENcE99v%2B24qkE1qWYb42S5YoMLcaLnD6BL%2BCE4h5u48WhKcrzKdPM4ukR8zzC2iUDwUgCG%2BAga6cCSxLEMGQkR166YWok%2BJ3w%3D%3D","environmentVariables":{"FIREBASE_CONFIG":"{\"projectId\":\"taskassistant-e3687\",\"storageBucket\":\"taskassistant-e3687.firebasestorage.app\"}","GCLOUD_PROJECT":"taskassistant-e3687","EVENTARC_CLOUD_EVENT_SOURCE":"projects/taskassistant-e3687/locations/us-central1/functions/notifyChildOnNewTask"},"runtime":"nodejs20","buildEnvironmentVariables":{"GOOGLE_NODE_RUN_SCRIPTS":""},"dockerRegistry":"ARTIFACT_REGISTRY"},"versionId":"1","updateTime":"2026-03-01T20:31:32.620517095Z","buildId":"f5640225-39df-4db0-b48e-bc87e6d79b81","sourceToken":"537ae84f-88b9-42f9-a755-b0aad6f118e4","buildName":"projects/38293562338/locations/us-central1/builds/f5640225-39df-4db0-b48e-bc87e6d79b81"},"done":true,"response":{"@type":"type.googleapis.com/google.cloud.functions.v1.CloudFunction","name":"projects/taskassistant-e3687/locations/us-central1/functions/notifyChildOnNewTask","eventTrigger":{"eventType":"providers/cloud.firestore/eventTypes/document.create","resource":"projects/taskassistant-e3687/databases/(default)/documents/tasks/{taskId}","service":"firestore.googleapis.com","failurePolicy":{}},"status":"ACTIVE","entryPoint":"notifyChildOnNewTask","timeout":"60s","availableMemoryMb":256,"serviceAccountEmail":"taskassistant-e3687@appspot.gserviceaccount.com","updateTime":"2026-03-01T20:30:06.659731798Z","versionId":"1","labels":{"firebase-functions-hash":"856a27ccdf58370712b9520b86a1a7bff69cfff9","deployment-tool":"cli-firebase"},"sourceUploadUrl":"https://storage.googleapis.com/uploads-617578874282.us-central1.cloudfunctions.appspot.com/48bc388b-cb08-466a-b6f5-4f0d079befd3.zip","environmentVariables":{"FIREBASE_CONFIG":"{\"projectId\":\"taskassistant-e3687\",\"storageBucket\":\"taskassistant-e3687.firebasestorage.app\"}","GCLOUD_PROJECT":"taskassistant-e3687","EVENTARC_CLOUD_EVENT_SOURCE":"projects/taskassistant-e3687/locations/us-central1/functions/notifyChildOnNewTask"},"runtime":"nodejs20","maxInstances":3000,"ingressSettings":"ALLOW_ALL","buildId":"f5640225-39df-4db0-b48e-bc87e6d79b81","buildEnvironmentVariables":{"GOOGLE_NODE_RUN_SCRIPTS":""},"buildName":"projects/38293562338/locations/us-central1/builds/f5640225-39df-4db0-b48e-bc87e6d79b81","dockerRegistry":"ARTIFACT_REGISTRY","automaticUpdatePolicy":{},"buildServiceAccount":"projects/taskassistant-e3687/serviceAccounts/38293562338-compute@developer.gserviceaccount.com","satisfiesPzi":true}}
[debug] [2026-03-01T20:31:37.420Z] Got source token 537ae84f-88b9-42f9-a755-b0aad6f118e4 for region us-central1
[info] +  functions[notifyChildOnNewTask(us-central1)] Successful create operation. 
[debug] [2026-03-01T20:31:44.572Z] [create-default-us-central1-notifyParentOnReward] Retrying task index 0
[debug] [2026-03-01T20:31:44.572Z] Checked if tokens are valid: true, expires at: 1772399512547
[debug] [2026-03-01T20:31:44.572Z] Checked if tokens are valid: true, expires at: 1772399512547
[debug] [2026-03-01T20:31:44.572Z] >>> [apiv2][query] GET https://cloudfunctions.googleapis.com/v1/operations/cHJvamVjdHMvdGFza2Fzc2lzdGFudC1lMzY4Ny9sb2NhdGlvbnMvdXMtY2VudHJhbDEvb3BlcmF0aW9ucy9vcGVyYXRpb24tMTc3MjM5NzA3NTM4OS02NGJmYzVhMTQ1ZGZkLTJkNmI1MWIyLTgwOTEzMWM4 [none]
[debug] [2026-03-01T20:31:44.849Z] <<< [apiv2][status] GET https://cloudfunctions.googleapis.com/v1/operations/cHJvamVjdHMvdGFza2Fzc2lzdGFudC1lMzY4Ny9sb2NhdGlvbnMvdXMtY2VudHJhbDEvb3BlcmF0aW9ucy9vcGVyYXRpb24tMTc3MjM5NzA3NTM4OS02NGJmYzVhMTQ1ZGZkLTJkNmI1MWIyLTgwOTEzMWM4 200
[debug] [2026-03-01T20:31:44.849Z] <<< [apiv2][body] GET https://cloudfunctions.googleapis.com/v1/operations/cHJvamVjdHMvdGFza2Fzc2lzdGFudC1lMzY4Ny9sb2NhdGlvbnMvdXMtY2VudHJhbDEvb3BlcmF0aW9ucy9vcGVyYXRpb24tMTc3MjM5NzA3NTM4OS02NGJmYzVhMTQ1ZGZkLTJkNmI1MWIyLTgwOTEzMWM4 {"name":"operations/cHJvamVjdHMvdGFza2Fzc2lzdGFudC1lMzY4Ny9sb2NhdGlvbnMvdXMtY2VudHJhbDEvb3BlcmF0aW9ucy9vcGVyYXRpb24tMTc3MjM5NzA3NTM4OS02NGJmYzVhMTQ1ZGZkLTJkNmI1MWIyLTgwOTEzMWM4","metadata":{"@type":"type.googleapis.com/google.cloud.functions.v1.OperationMetadataV1","target":"projects/taskassistant-e3687/locations/us-central1/functions/notifyParentOnReward","type":"CREATE_FUNCTION","request":{"@type":"type.googleapis.com/google.cloud.functions.v1.CloudFunction","name":"projects/taskassistant-e3687/locations/us-central1/functions/notifyParentOnReward","eventTrigger":{"eventType":"providers/cloud.firestore/eventTypes/document.create","resource":"projects/taskassistant-e3687/databases/(default)/documents/redemptions/{redemptionId}","failurePolicy":{}},"entryPoint":"notifyParentOnReward","updateTime":"1970-01-01T00:00:00Z","labels":{"deployment-tool":"cli-firebase","firebase-functions-hash":"856a27ccdf58370712b9520b86a1a7bff69cfff9"},"sourceUploadUrl":"https://storage.googleapis.com/uploads-617578874282.us-central1.cloudfunctions.appspot.com/48bc388b-cb08-466a-b6f5-4f0d079befd3.zip?GoogleAccessId=service-38293562338@gcf-admin-robot.iam.gserviceaccount.com&Expires=1772398805&Signature=FIViNWuFvQE%2BbK5SH0mNdiMcZseNMCMB7FHfmZbVjrZIOfdGE88e09LlPqkAia7iXN%2B97eMLgw8W8cP2Noa1rIv7fFFqsO68STRt%2BhiQLx7OFIATle9sXsmOz4u1%2F3rJJNu8uq0a2S7SqHnbeJS3JmOznUhAPewPC9NI6JDWieEmL%2F9SURKVNQoLMNIij2uQZM6cb1EIvNDjj7GfdJW9l5A2B2bn6%2B%2Fwhn4DYNKGxhfkhzgIKuOKLENcE99v%2B24qkE1qWYb42S5YoMLcaLnD6BL%2BCE4h5u48WhKcrzKdPM4ukR8zzC2iUDwUgCG%2BAga6cCSxLEMGQkR166YWok%2BJ3w%3D%3D","environmentVariables":{"FIREBASE_CONFIG":"{\"projectId\":\"taskassistant-e3687\",\"storageBucket\":\"taskassistant-e3687.firebasestorage.app\"}","GCLOUD_PROJECT":"taskassistant-e3687","EVENTARC_CLOUD_EVENT_SOURCE":"projects/taskassistant-e3687/locations/us-central1/functions/notifyParentOnReward"},"runtime":"nodejs20","buildEnvironmentVariables":{"GOOGLE_NODE_RUN_SCRIPTS":""},"sourceToken":"537ae84f-88b9-42f9-a755-b0aad6f118e4","dockerRegistry":"ARTIFACT_REGISTRY"},"versionId":"1","updateTime":"2026-03-01T20:31:15.747564423Z","buildId":"f5640225-39df-4db0-b48e-bc87e6d79b81","sourceToken":"537ae84f-88b9-42f9-a755-b0aad6f118e4","buildName":"projects/38293562338/locations/us-central1/builds/f5640225-39df-4db0-b48e-bc87e6d79b81"}}
[debug] [2026-03-01T20:31:44.849Z] Got source token 537ae84f-88b9-42f9-a755-b0aad6f118e4 for region us-central1
[debug] [2026-03-01T20:31:54.855Z] [create-default-us-central1-notifyParentOnReward] Retrying task index 0
[debug] [2026-03-01T20:31:54.856Z] Checked if tokens are valid: true, expires at: 1772399512547
[debug] [2026-03-01T20:31:54.856Z] Checked if tokens are valid: true, expires at: 1772399512547
[debug] [2026-03-01T20:31:54.856Z] >>> [apiv2][query] GET https://cloudfunctions.googleapis.com/v1/operations/cHJvamVjdHMvdGFza2Fzc2lzdGFudC1lMzY4Ny9sb2NhdGlvbnMvdXMtY2VudHJhbDEvb3BlcmF0aW9ucy9vcGVyYXRpb24tMTc3MjM5NzA3NTM4OS02NGJmYzVhMTQ1ZGZkLTJkNmI1MWIyLTgwOTEzMWM4 [none]
[debug] [2026-03-01T20:31:55.081Z] <<< [apiv2][status] GET https://cloudfunctions.googleapis.com/v1/operations/cHJvamVjdHMvdGFza2Fzc2lzdGFudC1lMzY4Ny9sb2NhdGlvbnMvdXMtY2VudHJhbDEvb3BlcmF0aW9ucy9vcGVyYXRpb24tMTc3MjM5NzA3NTM4OS02NGJmYzVhMTQ1ZGZkLTJkNmI1MWIyLTgwOTEzMWM4 200
[debug] [2026-03-01T20:31:55.081Z] <<< [apiv2][body] GET https://cloudfunctions.googleapis.com/v1/operations/cHJvamVjdHMvdGFza2Fzc2lzdGFudC1lMzY4Ny9sb2NhdGlvbnMvdXMtY2VudHJhbDEvb3BlcmF0aW9ucy9vcGVyYXRpb24tMTc3MjM5NzA3NTM4OS02NGJmYzVhMTQ1ZGZkLTJkNmI1MWIyLTgwOTEzMWM4 {"name":"operations/cHJvamVjdHMvdGFza2Fzc2lzdGFudC1lMzY4Ny9sb2NhdGlvbnMvdXMtY2VudHJhbDEvb3BlcmF0aW9ucy9vcGVyYXRpb24tMTc3MjM5NzA3NTM4OS02NGJmYzVhMTQ1ZGZkLTJkNmI1MWIyLTgwOTEzMWM4","metadata":{"@type":"type.googleapis.com/google.cloud.functions.v1.OperationMetadataV1","target":"projects/taskassistant-e3687/locations/us-central1/functions/notifyParentOnReward","type":"CREATE_FUNCTION","request":{"@type":"type.googleapis.com/google.cloud.functions.v1.CloudFunction","name":"projects/taskassistant-e3687/locations/us-central1/functions/notifyParentOnReward","eventTrigger":{"eventType":"providers/cloud.firestore/eventTypes/document.create","resource":"projects/taskassistant-e3687/databases/(default)/documents/redemptions/{redemptionId}","failurePolicy":{}},"entryPoint":"notifyParentOnReward","updateTime":"1970-01-01T00:00:00Z","labels":{"deployment-tool":"cli-firebase","firebase-functions-hash":"856a27ccdf58370712b9520b86a1a7bff69cfff9"},"sourceUploadUrl":"https://storage.googleapis.com/uploads-617578874282.us-central1.cloudfunctions.appspot.com/48bc388b-cb08-466a-b6f5-4f0d079befd3.zip?GoogleAccessId=service-38293562338@gcf-admin-robot.iam.gserviceaccount.com&Expires=1772398805&Signature=FIViNWuFvQE%2BbK5SH0mNdiMcZseNMCMB7FHfmZbVjrZIOfdGE88e09LlPqkAia7iXN%2B97eMLgw8W8cP2Noa1rIv7fFFqsO68STRt%2BhiQLx7OFIATle9sXsmOz4u1%2F3rJJNu8uq0a2S7SqHnbeJS3JmOznUhAPewPC9NI6JDWieEmL%2F9SURKVNQoLMNIij2uQZM6cb1EIvNDjj7GfdJW9l5A2B2bn6%2B%2Fwhn4DYNKGxhfkhzgIKuOKLENcE99v%2B24qkE1qWYb42S5YoMLcaLnD6BL%2BCE4h5u48WhKcrzKdPM4ukR8zzC2iUDwUgCG%2BAga6cCSxLEMGQkR166YWok%2BJ3w%3D%3D","environmentVariables":{"FIREBASE_CONFIG":"{\"projectId\":\"taskassistant-e3687\",\"storageBucket\":\"taskassistant-e3687.firebasestorage.app\"}","GCLOUD_PROJECT":"taskassistant-e3687","EVENTARC_CLOUD_EVENT_SOURCE":"projects/taskassistant-e3687/locations/us-central1/functions/notifyParentOnReward"},"runtime":"nodejs20","buildEnvironmentVariables":{"GOOGLE_NODE_RUN_SCRIPTS":""},"sourceToken":"537ae84f-88b9-42f9-a755-b0aad6f118e4","dockerRegistry":"ARTIFACT_REGISTRY"},"versionId":"1","updateTime":"2026-03-01T20:31:49.224233086Z","buildId":"f5640225-39df-4db0-b48e-bc87e6d79b81","sourceToken":"537ae84f-88b9-42f9-a755-b0aad6f118e4","buildName":"projects/38293562338/locations/us-central1/builds/f5640225-39df-4db0-b48e-bc87e6d79b81"},"done":true,"response":{"@type":"type.googleapis.com/google.cloud.functions.v1.CloudFunction","name":"projects/taskassistant-e3687/locations/us-central1/functions/notifyParentOnReward","eventTrigger":{"eventType":"providers/cloud.firestore/eventTypes/document.create","resource":"projects/taskassistant-e3687/databases/(default)/documents/redemptions/{redemptionId}","service":"firestore.googleapis.com","failurePolicy":{}},"status":"ACTIVE","entryPoint":"notifyParentOnReward","timeout":"60s","availableMemoryMb":256,"serviceAccountEmail":"taskassistant-e3687@appspot.gserviceaccount.com","updateTime":"2026-03-01T20:31:15.743732023Z","versionId":"1","labels":{"deployment-tool":"cli-firebase","firebase-functions-hash":"856a27ccdf58370712b9520b86a1a7bff69cfff9"},"sourceUploadUrl":"https://storage.googleapis.com/uploads-617578874282.us-central1.cloudfunctions.appspot.com/48bc388b-cb08-466a-b6f5-4f0d079befd3.zip","environmentVariables":{"FIREBASE_CONFIG":"{\"projectId\":\"taskassistant-e3687\",\"storageBucket\":\"taskassistant-e3687.firebasestorage.app\"}","GCLOUD_PROJECT":"taskassistant-e3687","EVENTARC_CLOUD_EVENT_SOURCE":"projects/taskassistant-e3687/locations/us-central1/functions/notifyParentOnReward"},"runtime":"nodejs20","maxInstances":3000,"ingressSettings":"ALLOW_ALL","buildId":"f5640225-39df-4db0-b48e-bc87e6d79b81","buildEnvironmentVariables":{"GOOGLE_NODE_RUN_SCRIPTS":""},"buildName":"projects/38293562338/locations/us-central1/builds/f5640225-39df-4db0-b48e-bc87e6d79b81","dockerRegistry":"ARTIFACT_REGISTRY","automaticUpdatePolicy":{},"buildServiceAccount":"projects/taskassistant-e3687/serviceAccounts/38293562338-compute@developer.gserviceaccount.com","satisfiesPzi":true}}
[debug] [2026-03-01T20:31:55.082Z] Got source token 537ae84f-88b9-42f9-a755-b0aad6f118e4 for region us-central1
[info] +  functions[notifyParentOnReward(us-central1)] Successful create operation. 
[debug] [2026-03-01T20:31:55.083Z] Total Function Deployment time: 107388
[debug] [2026-03-01T20:31:55.083Z] 2 Functions Deployed
[debug] [2026-03-01T20:31:55.083Z] 0 Functions Errored
[debug] [2026-03-01T20:31:55.083Z] 0 Function Deployments Aborted
[debug] [2026-03-01T20:31:55.083Z] Average Function Deployment time: 98557
[debug] [2026-03-01T20:31:55.084Z] Checked if tokens are valid: true, expires at: 1772399512547
[debug] [2026-03-01T20:31:55.084Z] Checked if tokens are valid: true, expires at: 1772399512547
[debug] [2026-03-01T20:31:55.084Z] >>> [apiv2][query] GET https://artifactregistry.googleapis.com/v1/projects/taskassistant-e3687/locations/us-central1/repositories/gcf-artifacts [none]
[debug] [2026-03-01T20:31:55.949Z] <<< [apiv2][status] GET https://artifactregistry.googleapis.com/v1/projects/taskassistant-e3687/locations/us-central1/repositories/gcf-artifacts 200
[debug] [2026-03-01T20:31:55.949Z] <<< [apiv2][body] GET https://artifactregistry.googleapis.com/v1/projects/taskassistant-e3687/locations/us-central1/repositories/gcf-artifacts {"name":"projects/taskassistant-e3687/locations/us-central1/repositories/gcf-artifacts","format":"DOCKER","description":"This repository is created and used by Cloud Functions for storing function docker images.","labels":{"goog-managed-by":"cloudfunctions"},"createTime":"2026-03-01T20:30:16.609612Z","updateTime":"2026-03-01T20:30:56.387527Z","mode":"STANDARD_REPOSITORY","sizeBytes":"522675517","vulnerabilityScanningConfig":{"lastEnableTime":"2026-03-01T20:30:08.775818312Z","enablementState":"SCANNING_DISABLED","enablementStateReason":"API containerscanning.googleapis.com is not enabled."},"satisfiesPzi":true,"registryUri":"us-central1-docker.pkg.dev/taskassistant-e3687/gcf-artifacts"}
[warn] !  functions: No cleanup policy detected for repositories in us-central1. This may result in a small monthly bill as container images accumulate over time. 
[info] i  functions: Configuring cleanup policy for repository in us-central1. Images older than 1 days will be automatically deleted. 
[debug] [2026-03-01T20:33:19.953Z] Setting up artifact cleanup policy for region us-central1
[debug] [2026-03-01T20:33:19.954Z] Checked if tokens are valid: true, expires at: 1772399512547
[debug] [2026-03-01T20:33:19.954Z] Checked if tokens are valid: true, expires at: 1772399512547
[debug] [2026-03-01T20:33:19.954Z] >>> [apiv2][query] PATCH https://artifactregistry.googleapis.com/v1/projects/taskassistant-e3687/locations/us-central1/repositories/gcf-artifacts updateMask=name%2CcleanupPolicies%2CcleanupPolicyDryRun%2Clabels
[debug] [2026-03-01T20:33:19.954Z] >>> [apiv2][body] PATCH https://artifactregistry.googleapis.com/v1/projects/taskassistant-e3687/locations/us-central1/repositories/gcf-artifacts {"name":"projects/taskassistant-e3687/locations/us-central1/repositories/gcf-artifacts","cleanupPolicies":{"firebase-functions-cleanup":{"id":"firebase-functions-cleanup","condition":{"tagState":"ANY","olderThan":"86400s"},"action":"DELETE"}},"cleanupPolicyDryRun":false,"labels":{"goog-managed-by":"cloudfunctions"}}
[debug] [2026-03-01T20:33:20.811Z] <<< [apiv2][status] PATCH https://artifactregistry.googleapis.com/v1/projects/taskassistant-e3687/locations/us-central1/repositories/gcf-artifacts 200
